xmverilog(64): 17.10-s001: (c) Copyright 1995-2017 Cadence Design Systems, Inc.
TOOL:	xmverilog	17.10-s001: Started on Sep 28, 2023 at 14:25:54 EDT
xmverilog
	../testbench/tail_light_sequencer_tb.v
	+access+r
		Caching library 'worklib' ....... Done
	Elaborating the design hierarchy:
		Caching library 'worklib' ....... Done
	Building instance overlay tables: .................... Done
	Generating native compiled code:
		worklib.tail_light_sequencer:v <0x23548db8>
			streams:  18, words:  9470
		worklib.tail_light_sequencer_tb:v <0x6a71e7da>
			streams:  11, words: 10524
	Building instance specific data structures.
	Loading native compiled code:     .................... Done
	Design hierarchy summary:
		                 Instances  Unique
		Modules:                 2       2
		Registers:              12      12
		Scalar wires:            6       -
		Vectored wires:          2       -
		Always blocks:           6       6
		Initial blocks:         14      14
		Cont. assignments:       1       1
		Pseudo assignments:      3       3
		Simulation timescale:  1ps
	Writing initial simulation snapshot: worklib.tail_light_sequencer_tb:v
Loading snapshot worklib.tail_light_sequencer_tb:v .................... Done
xcelium> source /apps/vlsi_2018/cadence/XCELIUM1710/tools/xcelium/files/xmsimrc
xcelium> run
Brake = 0, turn_right = 0, turn_left = 0, right_tail_light = 000, left_tail_light = 000, Time                    1
Brake = 0, turn_right = 0, turn_left = 0, right_tail_light = 000, left_tail_light = 000, Time                    2
Brake = 0, turn_right = 0, turn_left = 0, right_tail_light = 000, left_tail_light = 000, Time                    3
Brake = 0, turn_right = 0, turn_left = 0, right_tail_light = 000, left_tail_light = 000, Time                    4
Brake = 0, turn_right = 0, turn_left = 0, right_tail_light = 000, left_tail_light = 000, Time                    5
Brake = 0, turn_right = 0, turn_left = 0, right_tail_light = 000, left_tail_light = 000, Time                    6
Brake = 0, turn_right = 0, turn_left = 0, right_tail_light = 000, left_tail_light = 000, Time                    7
Brake = 0, turn_right = 0, turn_left = 0, right_tail_light = 000, left_tail_light = 000, Time                    8
Brake = 0, turn_right = 0, turn_left = 0, right_tail_light = 000, left_tail_light = 000, Time                    9
Brake = 0, turn_right = 0, turn_left = 0, right_tail_light = 000, left_tail_light = 000, Time                   10
Brake = 0, turn_right = 0, turn_left = 0, right_tail_light = 000, left_tail_light = 000, Time                   11
Brake = 0, turn_right = 0, turn_left = 0, right_tail_light = 000, left_tail_light = 000, Time                   12
Brake = 0, turn_right = 0, turn_left = 0, right_tail_light = 000, left_tail_light = 000, Time                   13
Brake = 0, turn_right = 0, turn_left = 0, right_tail_light = 000, left_tail_light = 000, Time                   14
Brake = 0, turn_right = 0, turn_left = 0, right_tail_light = 000, left_tail_light = 000, Time                   15
Brake = 0, turn_right = 0, turn_left = 0, right_tail_light = 000, left_tail_light = 000, Time                   16
Brake = 0, turn_right = 0, turn_left = 0, right_tail_light = 000, left_tail_light = 000, Time                   17
Brake = 0, turn_right = 0, turn_left = 0, right_tail_light = 000, left_tail_light = 000, Time                   18
Brake = 0, turn_right = 0, turn_left = 0, right_tail_light = 000, left_tail_light = 000, Time                   19
Brake = 0, turn_right = 0, turn_left = 0, right_tail_light = 000, left_tail_light = 000, Time                   20
Brake = 0, turn_right = 0, turn_left = 0, right_tail_light = 000, left_tail_light = 000, Time                   21
Brake = 0, turn_right = 0, turn_left = 0, right_tail_light = 000, left_tail_light = 000, Time                   22
Brake = 0, turn_right = 0, turn_left = 0, right_tail_light = 000, left_tail_light = 000, Time                   23
Brake = 0, turn_right = 0, turn_left = 0, right_tail_light = 000, left_tail_light = 000, Time                   24
Brake = 0, turn_right = 0, turn_left = 0, right_tail_light = 000, left_tail_light = 000, Time                   25
Brake = 0, turn_right = 0, turn_left = 0, right_tail_light = 000, left_tail_light = 000, Time                   26
Brake = 0, turn_right = 0, turn_left = 0, right_tail_light = 000, left_tail_light = 000, Time                   27
Brake = 0, turn_right = 0, turn_left = 0, right_tail_light = 000, left_tail_light = 000, Time                   28
Brake = 0, turn_right = 0, turn_left = 0, right_tail_light = 000, left_tail_light = 000, Time                   29
Brake = 0, turn_right = 0, turn_left = 0, right_tail_light = 000, left_tail_light = 000, Time                   30
Brake = 0, turn_right = 0, turn_left = 0, right_tail_light = 000, left_tail_light = 000, Time                   31
Brake = 0, turn_right = 0, turn_left = 0, right_tail_light = 000, left_tail_light = 000, Time                   32
Brake = 0, turn_right = 0, turn_left = 0, right_tail_light = 000, left_tail_light = 000, Time                   33
Brake = 0, turn_right = 0, turn_left = 0, right_tail_light = 000, left_tail_light = 000, Time                   34
Brake = 0, turn_right = 0, turn_left = 0, right_tail_light = 000, left_tail_light = 000, Time                   35
Brake = 0, turn_right = 0, turn_left = 0, right_tail_light = 000, left_tail_light = 000, Time                   36
Brake = 0, turn_right = 0, turn_left = 0, right_tail_light = 000, left_tail_light = 000, Time                   37
Brake = 0, turn_right = 0, turn_left = 0, right_tail_light = 000, left_tail_light = 000, Time                   38
Brake = 0, turn_right = 0, turn_left = 0, right_tail_light = 000, left_tail_light = 000, Time                   39
Brake = 0, turn_right = 0, turn_left = 0, right_tail_light = 000, left_tail_light = 000, Time                   40
Brake = 0, turn_right = 0, turn_left = 0, right_tail_light = 000, left_tail_light = 000, Time                   41
Brake = 0, turn_right = 0, turn_left = 0, right_tail_light = 000, left_tail_light = 000, Time                   42
Brake = 0, turn_right = 0, turn_left = 0, right_tail_light = 000, left_tail_light = 000, Time                   43
Brake = 0, turn_right = 0, turn_left = 0, right_tail_light = 000, left_tail_light = 000, Time                   44
Brake = 0, turn_right = 0, turn_left = 0, right_tail_light = 000, left_tail_light = 000, Time                   45
Brake = 0, turn_right = 0, turn_left = 0, right_tail_light = 000, left_tail_light = 000, Time                   46
Brake = 0, turn_right = 0, turn_left = 0, right_tail_light = 000, left_tail_light = 000, Time                   47
Brake = 0, turn_right = 0, turn_left = 0, right_tail_light = 000, left_tail_light = 000, Time                   48
Brake = 0, turn_right = 0, turn_left = 0, right_tail_light = 000, left_tail_light = 000, Time                   49
Brake = 0, turn_right = 0, turn_left = 0, right_tail_light = 000, left_tail_light = 000, Time                   50
Brake = 0, turn_right = 0, turn_left = 0, right_tail_light = 000, left_tail_light = 000, Time                   51
Brake = 0, turn_right = 0, turn_left = 0, right_tail_light = 000, left_tail_light = 000, Time                   52
Brake = 0, turn_right = 0, turn_left = 0, right_tail_light = 000, left_tail_light = 000, Time                   53
Brake = 0, turn_right = 0, turn_left = 0, right_tail_light = 000, left_tail_light = 000, Time                   54
Brake = 0, turn_right = 0, turn_left = 0, right_tail_light = 000, left_tail_light = 000, Time                   55
Brake = 0, turn_right = 0, turn_left = 0, right_tail_light = 000, left_tail_light = 000, Time                   56
Brake = 0, turn_right = 0, turn_left = 0, right_tail_light = 000, left_tail_light = 000, Time                   57
Brake = 0, turn_right = 0, turn_left = 0, right_tail_light = 000, left_tail_light = 000, Time                   58
Brake = 0, turn_right = 0, turn_left = 0, right_tail_light = 000, left_tail_light = 000, Time                   59
Brake = 0, turn_right = 0, turn_left = 0, right_tail_light = 000, left_tail_light = 000, Time                   60
Brake = 0, turn_right = 0, turn_left = 0, right_tail_light = 000, left_tail_light = 000, Time                   61
Brake = 0, turn_right = 0, turn_left = 0, right_tail_light = 000, left_tail_light = 000, Time                   62
Brake = 0, turn_right = 0, turn_left = 0, right_tail_light = 000, left_tail_light = 000, Time                   63
Brake = 0, turn_right = 0, turn_left = 0, right_tail_light = 000, left_tail_light = 000, Time                   64
Brake = 0, turn_right = 0, turn_left = 0, right_tail_light = 000, left_tail_light = 000, Time                   65
Brake = 0, turn_right = 0, turn_left = 0, right_tail_light = 000, left_tail_light = 000, Time                   66
Brake = 0, turn_right = 0, turn_left = 0, right_tail_light = 000, left_tail_light = 000, Time                   67
Brake = 0, turn_right = 0, turn_left = 0, right_tail_light = 000, left_tail_light = 000, Time                   68
Brake = 0, turn_right = 0, turn_left = 0, right_tail_light = 000, left_tail_light = 000, Time                   69
Brake = 0, turn_right = 0, turn_left = 0, right_tail_light = 000, left_tail_light = 000, Time                   70
Brake = 0, turn_right = 0, turn_left = 0, right_tail_light = 000, left_tail_light = 000, Time                   71
Brake = 0, turn_right = 0, turn_left = 0, right_tail_light = 000, left_tail_light = 000, Time                   72
Brake = 0, turn_right = 0, turn_left = 0, right_tail_light = 000, left_tail_light = 000, Time                   73
Brake = 0, turn_right = 0, turn_left = 0, right_tail_light = 000, left_tail_light = 000, Time                   74
Brake = 0, turn_right = 0, turn_left = 0, right_tail_light = 000, left_tail_light = 000, Time                   75
Brake = 0, turn_right = 0, turn_left = 0, right_tail_light = 000, left_tail_light = 000, Time                   76
Brake = 0, turn_right = 0, turn_left = 0, right_tail_light = 000, left_tail_light = 000, Time                   77
Brake = 0, turn_right = 0, turn_left = 0, right_tail_light = 000, left_tail_light = 000, Time                   78
Brake = 0, turn_right = 0, turn_left = 0, right_tail_light = 000, left_tail_light = 000, Time                   79
Brake = 0, turn_right = 0, turn_left = 0, right_tail_light = 000, left_tail_light = 000, Time                   80
Brake = 0, turn_right = 0, turn_left = 0, right_tail_light = 000, left_tail_light = 000, Time                   81
Brake = 0, turn_right = 0, turn_left = 0, right_tail_light = 000, left_tail_light = 000, Time                   82
Brake = 0, turn_right = 0, turn_left = 0, right_tail_light = 000, left_tail_light = 000, Time                   83
Brake = 0, turn_right = 0, turn_left = 0, right_tail_light = 000, left_tail_light = 000, Time                   84
Brake = 0, turn_right = 0, turn_left = 0, right_tail_light = 000, left_tail_light = 000, Time                   85
Brake = 0, turn_right = 0, turn_left = 0, right_tail_light = 000, left_tail_light = 000, Time                   86
Brake = 0, turn_right = 0, turn_left = 0, right_tail_light = 000, left_tail_light = 000, Time                   87
Brake = 0, turn_right = 0, turn_left = 0, right_tail_light = 000, left_tail_light = 000, Time                   88
Brake = 0, turn_right = 0, turn_left = 0, right_tail_light = 000, left_tail_light = 000, Time                   89
Brake = 0, turn_right = 0, turn_left = 0, right_tail_light = 000, left_tail_light = 000, Time                   90
Brake = 0, turn_right = 0, turn_left = 0, right_tail_light = 000, left_tail_light = 000, Time                   91
Brake = 0, turn_right = 0, turn_left = 0, right_tail_light = 000, left_tail_light = 000, Time                   92
Brake = 0, turn_right = 0, turn_left = 0, right_tail_light = 000, left_tail_light = 000, Time                   93
Brake = 0, turn_right = 0, turn_left = 0, right_tail_light = 000, left_tail_light = 000, Time                   94
Brake = 0, turn_right = 0, turn_left = 0, right_tail_light = 000, left_tail_light = 000, Time                   95
Brake = 0, turn_right = 0, turn_left = 0, right_tail_light = 000, left_tail_light = 000, Time                   96
Brake = 0, turn_right = 0, turn_left = 0, right_tail_light = 000, left_tail_light = 000, Time                   97
Brake = 0, turn_right = 0, turn_left = 0, right_tail_light = 000, left_tail_light = 000, Time                   98
Brake = 0, turn_right = 0, turn_left = 0, right_tail_light = 000, left_tail_light = 000, Time                   99
Brake = 0, turn_right = 0, turn_left = 0, right_tail_light = 000, left_tail_light = 000, Time                  100
Brake = 0, turn_right = 0, turn_left = 0, right_tail_light = 000, left_tail_light = 000, Time                  101
Brake = 0, turn_right = 0, turn_left = 0, right_tail_light = 000, left_tail_light = 000, Time                  102
Brake = 0, turn_right = 0, turn_left = 0, right_tail_light = 000, left_tail_light = 000, Time                  103
Brake = 0, turn_right = 0, turn_left = 0, right_tail_light = 000, left_tail_light = 000, Time                  104
Brake = 0, turn_right = 0, turn_left = 0, right_tail_light = 000, left_tail_light = 000, Time                  105
Brake = 0, turn_right = 0, turn_left = 0, right_tail_light = 000, left_tail_light = 000, Time                  106
Brake = 0, turn_right = 0, turn_left = 0, right_tail_light = 000, left_tail_light = 000, Time                  107
Brake = 0, turn_right = 0, turn_left = 0, right_tail_light = 000, left_tail_light = 000, Time                  108
Brake = 0, turn_right = 0, turn_left = 0, right_tail_light = 000, left_tail_light = 000, Time                  109
Brake = 1, turn_right = 0, turn_left = 0, right_tail_light = 000, left_tail_light = 000, Time                  110
Brake = 1, turn_right = 0, turn_left = 0, right_tail_light = 000, left_tail_light = 000, Time                  111
Brake = 1, turn_right = 0, turn_left = 0, right_tail_light = 111, left_tail_light = 111, Time                  112
Brake = 1, turn_right = 0, turn_left = 0, right_tail_light = 111, left_tail_light = 111, Time                  113
Brake = 1, turn_right = 0, turn_left = 0, right_tail_light = 111, left_tail_light = 111, Time                  114
Brake = 1, turn_right = 0, turn_left = 0, right_tail_light = 111, left_tail_light = 111, Time                  115
Brake = 1, turn_right = 0, turn_left = 0, right_tail_light = 111, left_tail_light = 111, Time                  116
Brake = 1, turn_right = 0, turn_left = 0, right_tail_light = 111, left_tail_light = 111, Time                  117
Brake = 1, turn_right = 0, turn_left = 0, right_tail_light = 111, left_tail_light = 111, Time                  118
Brake = 1, turn_right = 0, turn_left = 0, right_tail_light = 111, left_tail_light = 111, Time                  119
Brake = 1, turn_right = 0, turn_left = 0, right_tail_light = 111, left_tail_light = 111, Time                  120
Brake = 1, turn_right = 0, turn_left = 0, right_tail_light = 111, left_tail_light = 111, Time                  121
Brake = 1, turn_right = 0, turn_left = 0, right_tail_light = 111, left_tail_light = 111, Time                  122
Brake = 1, turn_right = 0, turn_left = 0, right_tail_light = 111, left_tail_light = 111, Time                  123
Brake = 1, turn_right = 0, turn_left = 0, right_tail_light = 111, left_tail_light = 111, Time                  124
Brake = 1, turn_right = 0, turn_left = 0, right_tail_light = 111, left_tail_light = 111, Time                  125
Brake = 1, turn_right = 0, turn_left = 0, right_tail_light = 111, left_tail_light = 111, Time                  126
Brake = 1, turn_right = 0, turn_left = 0, right_tail_light = 111, left_tail_light = 111, Time                  127
Brake = 1, turn_right = 0, turn_left = 0, right_tail_light = 111, left_tail_light = 111, Time                  128
Brake = 1, turn_right = 0, turn_left = 0, right_tail_light = 111, left_tail_light = 111, Time                  129
Brake = 1, turn_right = 0, turn_left = 0, right_tail_light = 111, left_tail_light = 111, Time                  130
Brake = 1, turn_right = 0, turn_left = 0, right_tail_light = 111, left_tail_light = 111, Time                  131
Brake = 1, turn_right = 0, turn_left = 0, right_tail_light = 111, left_tail_light = 111, Time                  132
Brake = 1, turn_right = 0, turn_left = 0, right_tail_light = 111, left_tail_light = 111, Time                  133
Brake = 1, turn_right = 0, turn_left = 0, right_tail_light = 111, left_tail_light = 111, Time                  134
Brake = 1, turn_right = 0, turn_left = 0, right_tail_light = 111, left_tail_light = 111, Time                  135
Brake = 1, turn_right = 0, turn_left = 0, right_tail_light = 111, left_tail_light = 111, Time                  136
Brake = 1, turn_right = 0, turn_left = 0, right_tail_light = 111, left_tail_light = 111, Time                  137
Brake = 1, turn_right = 0, turn_left = 0, right_tail_light = 111, left_tail_light = 111, Time                  138
Brake = 1, turn_right = 0, turn_left = 0, right_tail_light = 111, left_tail_light = 111, Time                  139
Brake = 1, turn_right = 0, turn_left = 0, right_tail_light = 111, left_tail_light = 111, Time                  140
Brake = 1, turn_right = 0, turn_left = 0, right_tail_light = 111, left_tail_light = 111, Time                  141
Brake = 1, turn_right = 0, turn_left = 0, right_tail_light = 111, left_tail_light = 111, Time                  142
Brake = 1, turn_right = 0, turn_left = 0, right_tail_light = 111, left_tail_light = 111, Time                  143
Brake = 1, turn_right = 0, turn_left = 0, right_tail_light = 111, left_tail_light = 111, Time                  144
Brake = 1, turn_right = 0, turn_left = 0, right_tail_light = 111, left_tail_light = 111, Time                  145
Brake = 1, turn_right = 0, turn_left = 0, right_tail_light = 111, left_tail_light = 111, Time                  146
Brake = 1, turn_right = 0, turn_left = 0, right_tail_light = 111, left_tail_light = 111, Time                  147
Brake = 1, turn_right = 0, turn_left = 0, right_tail_light = 111, left_tail_light = 111, Time                  148
Brake = 1, turn_right = 0, turn_left = 0, right_tail_light = 111, left_tail_light = 111, Time                  149
Brake = 1, turn_right = 0, turn_left = 0, right_tail_light = 111, left_tail_light = 111, Time                  150
Brake = 1, turn_right = 0, turn_left = 0, right_tail_light = 111, left_tail_light = 111, Time                  151
Brake = 1, turn_right = 0, turn_left = 0, right_tail_light = 111, left_tail_light = 111, Time                  152
Brake = 1, turn_right = 0, turn_left = 0, right_tail_light = 111, left_tail_light = 111, Time                  153
Brake = 1, turn_right = 0, turn_left = 0, right_tail_light = 111, left_tail_light = 111, Time                  154
Brake = 1, turn_right = 0, turn_left = 0, right_tail_light = 111, left_tail_light = 111, Time                  155
Brake = 1, turn_right = 0, turn_left = 0, right_tail_light = 111, left_tail_light = 111, Time                  156
Brake = 1, turn_right = 0, turn_left = 0, right_tail_light = 111, left_tail_light = 111, Time                  157
Brake = 1, turn_right = 0, turn_left = 0, right_tail_light = 111, left_tail_light = 111, Time                  158
Brake = 1, turn_right = 0, turn_left = 0, right_tail_light = 111, left_tail_light = 111, Time                  159
Brake = 1, turn_right = 0, turn_left = 0, right_tail_light = 111, left_tail_light = 111, Time                  160
Brake = 1, turn_right = 0, turn_left = 0, right_tail_light = 111, left_tail_light = 111, Time                  161
Brake = 1, turn_right = 0, turn_left = 0, right_tail_light = 111, left_tail_light = 111, Time                  162
Brake = 1, turn_right = 0, turn_left = 0, right_tail_light = 111, left_tail_light = 111, Time                  163
Brake = 1, turn_right = 0, turn_left = 0, right_tail_light = 111, left_tail_light = 111, Time                  164
Brake = 1, turn_right = 0, turn_left = 0, right_tail_light = 111, left_tail_light = 111, Time                  165
Brake = 1, turn_right = 0, turn_left = 0, right_tail_light = 111, left_tail_light = 111, Time                  166
Brake = 1, turn_right = 0, turn_left = 0, right_tail_light = 111, left_tail_light = 111, Time                  167
Brake = 1, turn_right = 0, turn_left = 0, right_tail_light = 111, left_tail_light = 111, Time                  168
Brake = 1, turn_right = 0, turn_left = 0, right_tail_light = 111, left_tail_light = 111, Time                  169
Brake = 1, turn_right = 0, turn_left = 0, right_tail_light = 111, left_tail_light = 111, Time                  170
Brake = 1, turn_right = 0, turn_left = 0, right_tail_light = 111, left_tail_light = 111, Time                  171
Brake = 1, turn_right = 0, turn_left = 0, right_tail_light = 111, left_tail_light = 111, Time                  172
Brake = 1, turn_right = 0, turn_left = 0, right_tail_light = 111, left_tail_light = 111, Time                  173
Brake = 1, turn_right = 0, turn_left = 0, right_tail_light = 111, left_tail_light = 111, Time                  174
Brake = 1, turn_right = 0, turn_left = 0, right_tail_light = 111, left_tail_light = 111, Time                  175
Brake = 1, turn_right = 0, turn_left = 0, right_tail_light = 111, left_tail_light = 111, Time                  176
Brake = 1, turn_right = 0, turn_left = 0, right_tail_light = 111, left_tail_light = 111, Time                  177
Brake = 1, turn_right = 0, turn_left = 0, right_tail_light = 111, left_tail_light = 111, Time                  178
Brake = 1, turn_right = 0, turn_left = 0, right_tail_light = 111, left_tail_light = 111, Time                  179
Brake = 1, turn_right = 0, turn_left = 0, right_tail_light = 111, left_tail_light = 111, Time                  180
Brake = 1, turn_right = 0, turn_left = 0, right_tail_light = 111, left_tail_light = 111, Time                  181
Brake = 1, turn_right = 0, turn_left = 0, right_tail_light = 111, left_tail_light = 111, Time                  182
Brake = 1, turn_right = 0, turn_left = 0, right_tail_light = 111, left_tail_light = 111, Time                  183
Brake = 1, turn_right = 0, turn_left = 0, right_tail_light = 111, left_tail_light = 111, Time                  184
Brake = 1, turn_right = 0, turn_left = 0, right_tail_light = 111, left_tail_light = 111, Time                  185
Brake = 1, turn_right = 0, turn_left = 0, right_tail_light = 111, left_tail_light = 111, Time                  186
Brake = 1, turn_right = 0, turn_left = 0, right_tail_light = 111, left_tail_light = 111, Time                  187
Brake = 1, turn_right = 0, turn_left = 0, right_tail_light = 111, left_tail_light = 111, Time                  188
Brake = 1, turn_right = 0, turn_left = 0, right_tail_light = 111, left_tail_light = 111, Time                  189
Brake = 1, turn_right = 0, turn_left = 0, right_tail_light = 111, left_tail_light = 111, Time                  190
Brake = 1, turn_right = 0, turn_left = 0, right_tail_light = 111, left_tail_light = 111, Time                  191
Brake = 1, turn_right = 0, turn_left = 0, right_tail_light = 111, left_tail_light = 111, Time                  192
Brake = 1, turn_right = 0, turn_left = 0, right_tail_light = 111, left_tail_light = 111, Time                  193
Brake = 1, turn_right = 0, turn_left = 0, right_tail_light = 111, left_tail_light = 111, Time                  194
Brake = 1, turn_right = 0, turn_left = 0, right_tail_light = 111, left_tail_light = 111, Time                  195
Brake = 1, turn_right = 0, turn_left = 0, right_tail_light = 111, left_tail_light = 111, Time                  196
Brake = 1, turn_right = 0, turn_left = 0, right_tail_light = 111, left_tail_light = 111, Time                  197
Brake = 1, turn_right = 0, turn_left = 0, right_tail_light = 111, left_tail_light = 111, Time                  198
Brake = 1, turn_right = 0, turn_left = 0, right_tail_light = 111, left_tail_light = 111, Time                  199
Brake = 1, turn_right = 0, turn_left = 0, right_tail_light = 111, left_tail_light = 111, Time                  200
Brake = 1, turn_right = 0, turn_left = 0, right_tail_light = 111, left_tail_light = 111, Time                  201
Brake = 1, turn_right = 0, turn_left = 0, right_tail_light = 111, left_tail_light = 111, Time                  202
Brake = 1, turn_right = 0, turn_left = 0, right_tail_light = 111, left_tail_light = 111, Time                  203
Brake = 1, turn_right = 0, turn_left = 0, right_tail_light = 111, left_tail_light = 111, Time                  204
Brake = 1, turn_right = 0, turn_left = 0, right_tail_light = 111, left_tail_light = 111, Time                  205
Brake = 1, turn_right = 0, turn_left = 0, right_tail_light = 111, left_tail_light = 111, Time                  206
Brake = 1, turn_right = 0, turn_left = 0, right_tail_light = 111, left_tail_light = 111, Time                  207
Brake = 1, turn_right = 0, turn_left = 0, right_tail_light = 111, left_tail_light = 111, Time                  208
Brake = 1, turn_right = 0, turn_left = 0, right_tail_light = 111, left_tail_light = 111, Time                  209
Brake = 0, turn_right = 0, turn_left = 1, right_tail_light = 111, left_tail_light = 111, Time                  210
Brake = 0, turn_right = 0, turn_left = 1, right_tail_light = 111, left_tail_light = 111, Time                  211
Brake = 0, turn_right = 0, turn_left = 1, right_tail_light = 000, left_tail_light = 001, Time                  212
Brake = 0, turn_right = 0, turn_left = 1, right_tail_light = 000, left_tail_light = 001, Time                  213
Brake = 0, turn_right = 0, turn_left = 1, right_tail_light = 000, left_tail_light = 001, Time                  214
Brake = 0, turn_right = 0, turn_left = 1, right_tail_light = 000, left_tail_light = 001, Time                  215
Brake = 0, turn_right = 0, turn_left = 1, right_tail_light = 000, left_tail_light = 001, Time                  216
Brake = 0, turn_right = 0, turn_left = 1, right_tail_light = 000, left_tail_light = 001, Time                  217
Brake = 0, turn_right = 0, turn_left = 1, right_tail_light = 000, left_tail_light = 001, Time                  218
Brake = 0, turn_right = 0, turn_left = 1, right_tail_light = 000, left_tail_light = 001, Time                  219
Brake = 0, turn_right = 0, turn_left = 1, right_tail_light = 000, left_tail_light = 001, Time                  220
Brake = 0, turn_right = 0, turn_left = 1, right_tail_light = 000, left_tail_light = 001, Time                  221
Brake = 0, turn_right = 0, turn_left = 1, right_tail_light = 000, left_tail_light = 011, Time                  222
Brake = 0, turn_right = 0, turn_left = 1, right_tail_light = 000, left_tail_light = 011, Time                  223
Brake = 0, turn_right = 0, turn_left = 1, right_tail_light = 000, left_tail_light = 011, Time                  224
Brake = 0, turn_right = 0, turn_left = 1, right_tail_light = 000, left_tail_light = 011, Time                  225
Brake = 0, turn_right = 0, turn_left = 1, right_tail_light = 000, left_tail_light = 011, Time                  226
Brake = 0, turn_right = 0, turn_left = 1, right_tail_light = 000, left_tail_light = 011, Time                  227
Brake = 0, turn_right = 0, turn_left = 1, right_tail_light = 000, left_tail_light = 011, Time                  228
Brake = 0, turn_right = 0, turn_left = 1, right_tail_light = 000, left_tail_light = 011, Time                  229
Brake = 0, turn_right = 0, turn_left = 1, right_tail_light = 000, left_tail_light = 011, Time                  230
Brake = 0, turn_right = 0, turn_left = 1, right_tail_light = 000, left_tail_light = 011, Time                  231
Brake = 0, turn_right = 0, turn_left = 1, right_tail_light = 000, left_tail_light = 111, Time                  232
Brake = 0, turn_right = 0, turn_left = 1, right_tail_light = 000, left_tail_light = 111, Time                  233
Brake = 0, turn_right = 0, turn_left = 1, right_tail_light = 000, left_tail_light = 111, Time                  234
Brake = 0, turn_right = 0, turn_left = 1, right_tail_light = 000, left_tail_light = 111, Time                  235
Brake = 0, turn_right = 0, turn_left = 1, right_tail_light = 000, left_tail_light = 111, Time                  236
Brake = 0, turn_right = 0, turn_left = 1, right_tail_light = 000, left_tail_light = 111, Time                  237
Brake = 0, turn_right = 0, turn_left = 1, right_tail_light = 000, left_tail_light = 111, Time                  238
Brake = 0, turn_right = 0, turn_left = 1, right_tail_light = 000, left_tail_light = 111, Time                  239
Brake = 0, turn_right = 0, turn_left = 1, right_tail_light = 000, left_tail_light = 111, Time                  240
Brake = 0, turn_right = 0, turn_left = 1, right_tail_light = 000, left_tail_light = 111, Time                  241
Brake = 0, turn_right = 0, turn_left = 1, right_tail_light = 000, left_tail_light = 000, Time                  242
Brake = 0, turn_right = 0, turn_left = 1, right_tail_light = 000, left_tail_light = 000, Time                  243
Brake = 0, turn_right = 0, turn_left = 1, right_tail_light = 000, left_tail_light = 000, Time                  244
Brake = 0, turn_right = 0, turn_left = 1, right_tail_light = 000, left_tail_light = 000, Time                  245
Brake = 0, turn_right = 0, turn_left = 1, right_tail_light = 000, left_tail_light = 000, Time                  246
Brake = 0, turn_right = 0, turn_left = 1, right_tail_light = 000, left_tail_light = 000, Time                  247
Brake = 0, turn_right = 0, turn_left = 1, right_tail_light = 000, left_tail_light = 000, Time                  248
Brake = 0, turn_right = 0, turn_left = 1, right_tail_light = 000, left_tail_light = 000, Time                  249
Brake = 0, turn_right = 0, turn_left = 1, right_tail_light = 000, left_tail_light = 000, Time                  250
Brake = 0, turn_right = 0, turn_left = 1, right_tail_light = 000, left_tail_light = 000, Time                  251
Brake = 0, turn_right = 0, turn_left = 1, right_tail_light = 000, left_tail_light = 001, Time                  252
Brake = 0, turn_right = 0, turn_left = 1, right_tail_light = 000, left_tail_light = 001, Time                  253
Brake = 0, turn_right = 0, turn_left = 1, right_tail_light = 000, left_tail_light = 001, Time                  254
Brake = 0, turn_right = 0, turn_left = 1, right_tail_light = 000, left_tail_light = 001, Time                  255
Brake = 0, turn_right = 0, turn_left = 1, right_tail_light = 000, left_tail_light = 001, Time                  256
Brake = 0, turn_right = 0, turn_left = 1, right_tail_light = 000, left_tail_light = 001, Time                  257
Brake = 0, turn_right = 0, turn_left = 1, right_tail_light = 000, left_tail_light = 001, Time                  258
Brake = 0, turn_right = 0, turn_left = 1, right_tail_light = 000, left_tail_light = 001, Time                  259
Brake = 0, turn_right = 0, turn_left = 1, right_tail_light = 000, left_tail_light = 001, Time                  260
Brake = 0, turn_right = 0, turn_left = 1, right_tail_light = 000, left_tail_light = 001, Time                  261
Brake = 0, turn_right = 0, turn_left = 1, right_tail_light = 000, left_tail_light = 011, Time                  262
Brake = 0, turn_right = 0, turn_left = 1, right_tail_light = 000, left_tail_light = 011, Time                  263
Brake = 0, turn_right = 0, turn_left = 1, right_tail_light = 000, left_tail_light = 011, Time                  264
Brake = 0, turn_right = 0, turn_left = 1, right_tail_light = 000, left_tail_light = 011, Time                  265
Brake = 0, turn_right = 0, turn_left = 1, right_tail_light = 000, left_tail_light = 011, Time                  266
Brake = 0, turn_right = 0, turn_left = 1, right_tail_light = 000, left_tail_light = 011, Time                  267
Brake = 0, turn_right = 0, turn_left = 1, right_tail_light = 000, left_tail_light = 011, Time                  268
Brake = 0, turn_right = 0, turn_left = 1, right_tail_light = 000, left_tail_light = 011, Time                  269
Brake = 0, turn_right = 0, turn_left = 1, right_tail_light = 000, left_tail_light = 011, Time                  270
Brake = 0, turn_right = 0, turn_left = 1, right_tail_light = 000, left_tail_light = 011, Time                  271
Brake = 0, turn_right = 0, turn_left = 1, right_tail_light = 000, left_tail_light = 111, Time                  272
Brake = 0, turn_right = 0, turn_left = 1, right_tail_light = 000, left_tail_light = 111, Time                  273
Brake = 0, turn_right = 0, turn_left = 1, right_tail_light = 000, left_tail_light = 111, Time                  274
Brake = 0, turn_right = 0, turn_left = 1, right_tail_light = 000, left_tail_light = 111, Time                  275
Brake = 0, turn_right = 0, turn_left = 1, right_tail_light = 000, left_tail_light = 111, Time                  276
Brake = 0, turn_right = 0, turn_left = 1, right_tail_light = 000, left_tail_light = 111, Time                  277
Brake = 0, turn_right = 0, turn_left = 1, right_tail_light = 000, left_tail_light = 111, Time                  278
Brake = 0, turn_right = 0, turn_left = 1, right_tail_light = 000, left_tail_light = 111, Time                  279
Brake = 0, turn_right = 0, turn_left = 1, right_tail_light = 000, left_tail_light = 111, Time                  280
Brake = 0, turn_right = 0, turn_left = 1, right_tail_light = 000, left_tail_light = 111, Time                  281
Brake = 0, turn_right = 0, turn_left = 1, right_tail_light = 000, left_tail_light = 000, Time                  282
Brake = 0, turn_right = 0, turn_left = 1, right_tail_light = 000, left_tail_light = 000, Time                  283
Brake = 0, turn_right = 0, turn_left = 1, right_tail_light = 000, left_tail_light = 000, Time                  284
Brake = 0, turn_right = 0, turn_left = 1, right_tail_light = 000, left_tail_light = 000, Time                  285
Brake = 0, turn_right = 0, turn_left = 1, right_tail_light = 000, left_tail_light = 000, Time                  286
Brake = 0, turn_right = 0, turn_left = 1, right_tail_light = 000, left_tail_light = 000, Time                  287
Brake = 0, turn_right = 0, turn_left = 1, right_tail_light = 000, left_tail_light = 000, Time                  288
Brake = 0, turn_right = 0, turn_left = 1, right_tail_light = 000, left_tail_light = 000, Time                  289
Brake = 0, turn_right = 0, turn_left = 1, right_tail_light = 000, left_tail_light = 000, Time                  290
Brake = 0, turn_right = 0, turn_left = 1, right_tail_light = 000, left_tail_light = 000, Time                  291
Brake = 0, turn_right = 0, turn_left = 1, right_tail_light = 000, left_tail_light = 001, Time                  292
Brake = 0, turn_right = 0, turn_left = 1, right_tail_light = 000, left_tail_light = 001, Time                  293
Brake = 0, turn_right = 0, turn_left = 1, right_tail_light = 000, left_tail_light = 001, Time                  294
Brake = 0, turn_right = 0, turn_left = 1, right_tail_light = 000, left_tail_light = 001, Time                  295
Brake = 0, turn_right = 0, turn_left = 1, right_tail_light = 000, left_tail_light = 001, Time                  296
Brake = 0, turn_right = 0, turn_left = 1, right_tail_light = 000, left_tail_light = 001, Time                  297
Brake = 0, turn_right = 0, turn_left = 1, right_tail_light = 000, left_tail_light = 001, Time                  298
Brake = 0, turn_right = 0, turn_left = 1, right_tail_light = 000, left_tail_light = 001, Time                  299
Brake = 0, turn_right = 0, turn_left = 1, right_tail_light = 000, left_tail_light = 001, Time                  300
Brake = 0, turn_right = 0, turn_left = 1, right_tail_light = 000, left_tail_light = 001, Time                  301
Brake = 0, turn_right = 0, turn_left = 1, right_tail_light = 000, left_tail_light = 011, Time                  302
Brake = 0, turn_right = 0, turn_left = 1, right_tail_light = 000, left_tail_light = 011, Time                  303
Brake = 0, turn_right = 0, turn_left = 1, right_tail_light = 000, left_tail_light = 011, Time                  304
Brake = 0, turn_right = 0, turn_left = 1, right_tail_light = 000, left_tail_light = 011, Time                  305
Brake = 0, turn_right = 0, turn_left = 1, right_tail_light = 000, left_tail_light = 011, Time                  306
Brake = 0, turn_right = 0, turn_left = 1, right_tail_light = 000, left_tail_light = 011, Time                  307
Brake = 0, turn_right = 0, turn_left = 1, right_tail_light = 000, left_tail_light = 011, Time                  308
Brake = 0, turn_right = 0, turn_left = 1, right_tail_light = 000, left_tail_light = 011, Time                  309
Brake = 0, turn_right = 1, turn_left = 0, right_tail_light = 000, left_tail_light = 011, Time                  310
Brake = 0, turn_right = 1, turn_left = 0, right_tail_light = 000, left_tail_light = 011, Time                  311
Brake = 0, turn_right = 1, turn_left = 0, right_tail_light = 001, left_tail_light = 000, Time                  312
Brake = 0, turn_right = 1, turn_left = 0, right_tail_light = 001, left_tail_light = 000, Time                  313
Brake = 0, turn_right = 1, turn_left = 0, right_tail_light = 001, left_tail_light = 000, Time                  314
Brake = 0, turn_right = 1, turn_left = 0, right_tail_light = 001, left_tail_light = 000, Time                  315
Brake = 0, turn_right = 1, turn_left = 0, right_tail_light = 001, left_tail_light = 000, Time                  316
Brake = 0, turn_right = 1, turn_left = 0, right_tail_light = 001, left_tail_light = 000, Time                  317
Brake = 0, turn_right = 1, turn_left = 0, right_tail_light = 001, left_tail_light = 000, Time                  318
Brake = 0, turn_right = 1, turn_left = 0, right_tail_light = 001, left_tail_light = 000, Time                  319
Brake = 0, turn_right = 1, turn_left = 0, right_tail_light = 001, left_tail_light = 000, Time                  320
Brake = 0, turn_right = 1, turn_left = 0, right_tail_light = 001, left_tail_light = 000, Time                  321
Brake = 0, turn_right = 1, turn_left = 0, right_tail_light = 011, left_tail_light = 000, Time                  322
Brake = 0, turn_right = 1, turn_left = 0, right_tail_light = 011, left_tail_light = 000, Time                  323
Brake = 0, turn_right = 1, turn_left = 0, right_tail_light = 011, left_tail_light = 000, Time                  324
Brake = 0, turn_right = 1, turn_left = 0, right_tail_light = 011, left_tail_light = 000, Time                  325
Brake = 0, turn_right = 1, turn_left = 0, right_tail_light = 011, left_tail_light = 000, Time                  326
Brake = 0, turn_right = 1, turn_left = 0, right_tail_light = 011, left_tail_light = 000, Time                  327
Brake = 0, turn_right = 1, turn_left = 0, right_tail_light = 011, left_tail_light = 000, Time                  328
Brake = 0, turn_right = 1, turn_left = 0, right_tail_light = 011, left_tail_light = 000, Time                  329
Brake = 0, turn_right = 1, turn_left = 0, right_tail_light = 011, left_tail_light = 000, Time                  330
Brake = 0, turn_right = 1, turn_left = 0, right_tail_light = 011, left_tail_light = 000, Time                  331
Brake = 0, turn_right = 1, turn_left = 0, right_tail_light = 111, left_tail_light = 000, Time                  332
Brake = 0, turn_right = 1, turn_left = 0, right_tail_light = 111, left_tail_light = 000, Time                  333
Brake = 0, turn_right = 1, turn_left = 0, right_tail_light = 111, left_tail_light = 000, Time                  334
Brake = 0, turn_right = 1, turn_left = 0, right_tail_light = 111, left_tail_light = 000, Time                  335
Brake = 0, turn_right = 1, turn_left = 0, right_tail_light = 111, left_tail_light = 000, Time                  336
Brake = 0, turn_right = 1, turn_left = 0, right_tail_light = 111, left_tail_light = 000, Time                  337
Brake = 0, turn_right = 1, turn_left = 0, right_tail_light = 111, left_tail_light = 000, Time                  338
Brake = 0, turn_right = 1, turn_left = 0, right_tail_light = 111, left_tail_light = 000, Time                  339
Brake = 0, turn_right = 1, turn_left = 0, right_tail_light = 111, left_tail_light = 000, Time                  340
Brake = 0, turn_right = 1, turn_left = 0, right_tail_light = 111, left_tail_light = 000, Time                  341
Brake = 0, turn_right = 1, turn_left = 0, right_tail_light = 000, left_tail_light = 000, Time                  342
Brake = 0, turn_right = 1, turn_left = 0, right_tail_light = 000, left_tail_light = 000, Time                  343
Brake = 0, turn_right = 1, turn_left = 0, right_tail_light = 000, left_tail_light = 000, Time                  344
Brake = 0, turn_right = 1, turn_left = 0, right_tail_light = 000, left_tail_light = 000, Time                  345
Brake = 0, turn_right = 1, turn_left = 0, right_tail_light = 000, left_tail_light = 000, Time                  346
Brake = 0, turn_right = 1, turn_left = 0, right_tail_light = 000, left_tail_light = 000, Time                  347
Brake = 0, turn_right = 1, turn_left = 0, right_tail_light = 000, left_tail_light = 000, Time                  348
Brake = 0, turn_right = 1, turn_left = 0, right_tail_light = 000, left_tail_light = 000, Time                  349
Brake = 0, turn_right = 1, turn_left = 0, right_tail_light = 000, left_tail_light = 000, Time                  350
Brake = 0, turn_right = 1, turn_left = 0, right_tail_light = 000, left_tail_light = 000, Time                  351
Brake = 0, turn_right = 1, turn_left = 0, right_tail_light = 001, left_tail_light = 000, Time                  352
Brake = 0, turn_right = 1, turn_left = 0, right_tail_light = 001, left_tail_light = 000, Time                  353
Brake = 0, turn_right = 1, turn_left = 0, right_tail_light = 001, left_tail_light = 000, Time                  354
Brake = 0, turn_right = 1, turn_left = 0, right_tail_light = 001, left_tail_light = 000, Time                  355
Brake = 0, turn_right = 1, turn_left = 0, right_tail_light = 001, left_tail_light = 000, Time                  356
Brake = 0, turn_right = 1, turn_left = 0, right_tail_light = 001, left_tail_light = 000, Time                  357
Brake = 0, turn_right = 1, turn_left = 0, right_tail_light = 001, left_tail_light = 000, Time                  358
Brake = 0, turn_right = 1, turn_left = 0, right_tail_light = 001, left_tail_light = 000, Time                  359
Brake = 0, turn_right = 1, turn_left = 0, right_tail_light = 001, left_tail_light = 000, Time                  360
Brake = 0, turn_right = 1, turn_left = 0, right_tail_light = 001, left_tail_light = 000, Time                  361
Brake = 0, turn_right = 1, turn_left = 0, right_tail_light = 011, left_tail_light = 000, Time                  362
Brake = 0, turn_right = 1, turn_left = 0, right_tail_light = 011, left_tail_light = 000, Time                  363
Brake = 0, turn_right = 1, turn_left = 0, right_tail_light = 011, left_tail_light = 000, Time                  364
Brake = 0, turn_right = 1, turn_left = 0, right_tail_light = 011, left_tail_light = 000, Time                  365
Brake = 0, turn_right = 1, turn_left = 0, right_tail_light = 011, left_tail_light = 000, Time                  366
Brake = 0, turn_right = 1, turn_left = 0, right_tail_light = 011, left_tail_light = 000, Time                  367
Brake = 0, turn_right = 1, turn_left = 0, right_tail_light = 011, left_tail_light = 000, Time                  368
Brake = 0, turn_right = 1, turn_left = 0, right_tail_light = 011, left_tail_light = 000, Time                  369
Brake = 0, turn_right = 1, turn_left = 0, right_tail_light = 011, left_tail_light = 000, Time                  370
Brake = 0, turn_right = 1, turn_left = 0, right_tail_light = 011, left_tail_light = 000, Time                  371
Brake = 0, turn_right = 1, turn_left = 0, right_tail_light = 111, left_tail_light = 000, Time                  372
Brake = 0, turn_right = 1, turn_left = 0, right_tail_light = 111, left_tail_light = 000, Time                  373
Brake = 0, turn_right = 1, turn_left = 0, right_tail_light = 111, left_tail_light = 000, Time                  374
Brake = 0, turn_right = 1, turn_left = 0, right_tail_light = 111, left_tail_light = 000, Time                  375
Brake = 0, turn_right = 1, turn_left = 0, right_tail_light = 111, left_tail_light = 000, Time                  376
Brake = 0, turn_right = 1, turn_left = 0, right_tail_light = 111, left_tail_light = 000, Time                  377
Brake = 0, turn_right = 1, turn_left = 0, right_tail_light = 111, left_tail_light = 000, Time                  378
Brake = 0, turn_right = 1, turn_left = 0, right_tail_light = 111, left_tail_light = 000, Time                  379
Brake = 0, turn_right = 1, turn_left = 0, right_tail_light = 111, left_tail_light = 000, Time                  380
Brake = 0, turn_right = 1, turn_left = 0, right_tail_light = 111, left_tail_light = 000, Time                  381
Brake = 0, turn_right = 1, turn_left = 0, right_tail_light = 000, left_tail_light = 000, Time                  382
Brake = 0, turn_right = 1, turn_left = 0, right_tail_light = 000, left_tail_light = 000, Time                  383
Brake = 0, turn_right = 1, turn_left = 0, right_tail_light = 000, left_tail_light = 000, Time                  384
Brake = 0, turn_right = 1, turn_left = 0, right_tail_light = 000, left_tail_light = 000, Time                  385
Brake = 0, turn_right = 1, turn_left = 0, right_tail_light = 000, left_tail_light = 000, Time                  386
Brake = 0, turn_right = 1, turn_left = 0, right_tail_light = 000, left_tail_light = 000, Time                  387
Brake = 0, turn_right = 1, turn_left = 0, right_tail_light = 000, left_tail_light = 000, Time                  388
Brake = 0, turn_right = 1, turn_left = 0, right_tail_light = 000, left_tail_light = 000, Time                  389
Brake = 0, turn_right = 1, turn_left = 0, right_tail_light = 000, left_tail_light = 000, Time                  390
Brake = 0, turn_right = 1, turn_left = 0, right_tail_light = 000, left_tail_light = 000, Time                  391
Brake = 0, turn_right = 1, turn_left = 0, right_tail_light = 001, left_tail_light = 000, Time                  392
Brake = 0, turn_right = 1, turn_left = 0, right_tail_light = 001, left_tail_light = 000, Time                  393
Brake = 0, turn_right = 1, turn_left = 0, right_tail_light = 001, left_tail_light = 000, Time                  394
Brake = 0, turn_right = 1, turn_left = 0, right_tail_light = 001, left_tail_light = 000, Time                  395
Brake = 0, turn_right = 1, turn_left = 0, right_tail_light = 001, left_tail_light = 000, Time                  396
Brake = 0, turn_right = 1, turn_left = 0, right_tail_light = 001, left_tail_light = 000, Time                  397
Brake = 0, turn_right = 1, turn_left = 0, right_tail_light = 001, left_tail_light = 000, Time                  398
Brake = 0, turn_right = 1, turn_left = 0, right_tail_light = 001, left_tail_light = 000, Time                  399
Brake = 0, turn_right = 1, turn_left = 0, right_tail_light = 001, left_tail_light = 000, Time                  400
Brake = 0, turn_right = 1, turn_left = 0, right_tail_light = 001, left_tail_light = 000, Time                  401
Brake = 0, turn_right = 1, turn_left = 0, right_tail_light = 011, left_tail_light = 000, Time                  402
Brake = 0, turn_right = 1, turn_left = 0, right_tail_light = 011, left_tail_light = 000, Time                  403
Brake = 0, turn_right = 1, turn_left = 0, right_tail_light = 011, left_tail_light = 000, Time                  404
Brake = 0, turn_right = 1, turn_left = 0, right_tail_light = 011, left_tail_light = 000, Time                  405
Brake = 0, turn_right = 1, turn_left = 0, right_tail_light = 011, left_tail_light = 000, Time                  406
Brake = 0, turn_right = 1, turn_left = 0, right_tail_light = 011, left_tail_light = 000, Time                  407
Brake = 0, turn_right = 1, turn_left = 0, right_tail_light = 011, left_tail_light = 000, Time                  408
Brake = 0, turn_right = 1, turn_left = 0, right_tail_light = 011, left_tail_light = 000, Time                  409
Brake = 1, turn_right = 0, turn_left = 1, right_tail_light = 011, left_tail_light = 000, Time                  410
Brake = 1, turn_right = 0, turn_left = 1, right_tail_light = 011, left_tail_light = 000, Time                  411
Brake = 1, turn_right = 0, turn_left = 1, right_tail_light = 111, left_tail_light = 111, Time                  412
Brake = 1, turn_right = 0, turn_left = 1, right_tail_light = 111, left_tail_light = 111, Time                  413
Brake = 1, turn_right = 0, turn_left = 1, right_tail_light = 111, left_tail_light = 111, Time                  414
Brake = 1, turn_right = 0, turn_left = 1, right_tail_light = 111, left_tail_light = 111, Time                  415
Brake = 1, turn_right = 0, turn_left = 1, right_tail_light = 111, left_tail_light = 111, Time                  416
Brake = 1, turn_right = 0, turn_left = 1, right_tail_light = 111, left_tail_light = 111, Time                  417
Brake = 1, turn_right = 0, turn_left = 1, right_tail_light = 111, left_tail_light = 111, Time                  418
Brake = 1, turn_right = 0, turn_left = 1, right_tail_light = 111, left_tail_light = 111, Time                  419
Brake = 1, turn_right = 0, turn_left = 1, right_tail_light = 111, left_tail_light = 111, Time                  420
Brake = 1, turn_right = 0, turn_left = 1, right_tail_light = 111, left_tail_light = 111, Time                  421
Brake = 1, turn_right = 0, turn_left = 1, right_tail_light = 111, left_tail_light = 110, Time                  422
Brake = 1, turn_right = 0, turn_left = 1, right_tail_light = 111, left_tail_light = 110, Time                  423
Brake = 1, turn_right = 0, turn_left = 1, right_tail_light = 111, left_tail_light = 110, Time                  424
Brake = 1, turn_right = 0, turn_left = 1, right_tail_light = 111, left_tail_light = 110, Time                  425
Brake = 1, turn_right = 0, turn_left = 1, right_tail_light = 111, left_tail_light = 110, Time                  426
Brake = 1, turn_right = 0, turn_left = 1, right_tail_light = 111, left_tail_light = 110, Time                  427
Brake = 1, turn_right = 0, turn_left = 1, right_tail_light = 111, left_tail_light = 110, Time                  428
Brake = 1, turn_right = 0, turn_left = 1, right_tail_light = 111, left_tail_light = 110, Time                  429
Brake = 1, turn_right = 0, turn_left = 1, right_tail_light = 111, left_tail_light = 110, Time                  430
Brake = 1, turn_right = 0, turn_left = 1, right_tail_light = 111, left_tail_light = 110, Time                  431
Brake = 1, turn_right = 0, turn_left = 1, right_tail_light = 111, left_tail_light = 100, Time                  432
Brake = 1, turn_right = 0, turn_left = 1, right_tail_light = 111, left_tail_light = 100, Time                  433
Brake = 1, turn_right = 0, turn_left = 1, right_tail_light = 111, left_tail_light = 100, Time                  434
Brake = 1, turn_right = 0, turn_left = 1, right_tail_light = 111, left_tail_light = 100, Time                  435
Brake = 1, turn_right = 0, turn_left = 1, right_tail_light = 111, left_tail_light = 100, Time                  436
Brake = 1, turn_right = 0, turn_left = 1, right_tail_light = 111, left_tail_light = 100, Time                  437
Brake = 1, turn_right = 0, turn_left = 1, right_tail_light = 111, left_tail_light = 100, Time                  438
Brake = 1, turn_right = 0, turn_left = 1, right_tail_light = 111, left_tail_light = 100, Time                  439
Brake = 1, turn_right = 0, turn_left = 1, right_tail_light = 111, left_tail_light = 100, Time                  440
Brake = 1, turn_right = 0, turn_left = 1, right_tail_light = 111, left_tail_light = 100, Time                  441
Brake = 1, turn_right = 0, turn_left = 1, right_tail_light = 111, left_tail_light = 000, Time                  442
Brake = 1, turn_right = 0, turn_left = 1, right_tail_light = 111, left_tail_light = 000, Time                  443
Brake = 1, turn_right = 0, turn_left = 1, right_tail_light = 111, left_tail_light = 000, Time                  444
Brake = 1, turn_right = 0, turn_left = 1, right_tail_light = 111, left_tail_light = 000, Time                  445
Brake = 1, turn_right = 0, turn_left = 1, right_tail_light = 111, left_tail_light = 000, Time                  446
Brake = 1, turn_right = 0, turn_left = 1, right_tail_light = 111, left_tail_light = 000, Time                  447
Brake = 1, turn_right = 0, turn_left = 1, right_tail_light = 111, left_tail_light = 000, Time                  448
Brake = 1, turn_right = 0, turn_left = 1, right_tail_light = 111, left_tail_light = 000, Time                  449
Brake = 1, turn_right = 0, turn_left = 1, right_tail_light = 111, left_tail_light = 000, Time                  450
Brake = 1, turn_right = 0, turn_left = 1, right_tail_light = 111, left_tail_light = 000, Time                  451
Brake = 1, turn_right = 0, turn_left = 1, right_tail_light = 111, left_tail_light = 111, Time                  452
Brake = 1, turn_right = 0, turn_left = 1, right_tail_light = 111, left_tail_light = 111, Time                  453
Brake = 1, turn_right = 0, turn_left = 1, right_tail_light = 111, left_tail_light = 111, Time                  454
Brake = 1, turn_right = 0, turn_left = 1, right_tail_light = 111, left_tail_light = 111, Time                  455
Brake = 1, turn_right = 0, turn_left = 1, right_tail_light = 111, left_tail_light = 111, Time                  456
Brake = 1, turn_right = 0, turn_left = 1, right_tail_light = 111, left_tail_light = 111, Time                  457
Brake = 1, turn_right = 0, turn_left = 1, right_tail_light = 111, left_tail_light = 111, Time                  458
Brake = 1, turn_right = 0, turn_left = 1, right_tail_light = 111, left_tail_light = 111, Time                  459
Brake = 1, turn_right = 0, turn_left = 1, right_tail_light = 111, left_tail_light = 111, Time                  460
Brake = 1, turn_right = 0, turn_left = 1, right_tail_light = 111, left_tail_light = 111, Time                  461
Brake = 1, turn_right = 0, turn_left = 1, right_tail_light = 111, left_tail_light = 110, Time                  462
Brake = 1, turn_right = 0, turn_left = 1, right_tail_light = 111, left_tail_light = 110, Time                  463
Brake = 1, turn_right = 0, turn_left = 1, right_tail_light = 111, left_tail_light = 110, Time                  464
Brake = 1, turn_right = 0, turn_left = 1, right_tail_light = 111, left_tail_light = 110, Time                  465
Brake = 1, turn_right = 0, turn_left = 1, right_tail_light = 111, left_tail_light = 110, Time                  466
Brake = 1, turn_right = 0, turn_left = 1, right_tail_light = 111, left_tail_light = 110, Time                  467
Brake = 1, turn_right = 0, turn_left = 1, right_tail_light = 111, left_tail_light = 110, Time                  468
Brake = 1, turn_right = 0, turn_left = 1, right_tail_light = 111, left_tail_light = 110, Time                  469
Brake = 1, turn_right = 0, turn_left = 1, right_tail_light = 111, left_tail_light = 110, Time                  470
Brake = 1, turn_right = 0, turn_left = 1, right_tail_light = 111, left_tail_light = 110, Time                  471
Brake = 1, turn_right = 0, turn_left = 1, right_tail_light = 111, left_tail_light = 100, Time                  472
Brake = 1, turn_right = 0, turn_left = 1, right_tail_light = 111, left_tail_light = 100, Time                  473
Brake = 1, turn_right = 0, turn_left = 1, right_tail_light = 111, left_tail_light = 100, Time                  474
Brake = 1, turn_right = 0, turn_left = 1, right_tail_light = 111, left_tail_light = 100, Time                  475
Brake = 1, turn_right = 0, turn_left = 1, right_tail_light = 111, left_tail_light = 100, Time                  476
Brake = 1, turn_right = 0, turn_left = 1, right_tail_light = 111, left_tail_light = 100, Time                  477
Brake = 1, turn_right = 0, turn_left = 1, right_tail_light = 111, left_tail_light = 100, Time                  478
Brake = 1, turn_right = 0, turn_left = 1, right_tail_light = 111, left_tail_light = 100, Time                  479
Brake = 1, turn_right = 0, turn_left = 1, right_tail_light = 111, left_tail_light = 100, Time                  480
Brake = 1, turn_right = 0, turn_left = 1, right_tail_light = 111, left_tail_light = 100, Time                  481
Brake = 1, turn_right = 0, turn_left = 1, right_tail_light = 111, left_tail_light = 000, Time                  482
Brake = 1, turn_right = 0, turn_left = 1, right_tail_light = 111, left_tail_light = 000, Time                  483
Brake = 1, turn_right = 0, turn_left = 1, right_tail_light = 111, left_tail_light = 000, Time                  484
Brake = 1, turn_right = 0, turn_left = 1, right_tail_light = 111, left_tail_light = 000, Time                  485
Brake = 1, turn_right = 0, turn_left = 1, right_tail_light = 111, left_tail_light = 000, Time                  486
Brake = 1, turn_right = 0, turn_left = 1, right_tail_light = 111, left_tail_light = 000, Time                  487
Brake = 1, turn_right = 0, turn_left = 1, right_tail_light = 111, left_tail_light = 000, Time                  488
Brake = 1, turn_right = 0, turn_left = 1, right_tail_light = 111, left_tail_light = 000, Time                  489
Brake = 1, turn_right = 0, turn_left = 1, right_tail_light = 111, left_tail_light = 000, Time                  490
Brake = 1, turn_right = 0, turn_left = 1, right_tail_light = 111, left_tail_light = 000, Time                  491
Brake = 1, turn_right = 0, turn_left = 1, right_tail_light = 111, left_tail_light = 111, Time                  492
Brake = 1, turn_right = 0, turn_left = 1, right_tail_light = 111, left_tail_light = 111, Time                  493
Brake = 1, turn_right = 0, turn_left = 1, right_tail_light = 111, left_tail_light = 111, Time                  494
Brake = 1, turn_right = 0, turn_left = 1, right_tail_light = 111, left_tail_light = 111, Time                  495
Brake = 1, turn_right = 0, turn_left = 1, right_tail_light = 111, left_tail_light = 111, Time                  496
Brake = 1, turn_right = 0, turn_left = 1, right_tail_light = 111, left_tail_light = 111, Time                  497
Brake = 1, turn_right = 0, turn_left = 1, right_tail_light = 111, left_tail_light = 111, Time                  498
Brake = 1, turn_right = 0, turn_left = 1, right_tail_light = 111, left_tail_light = 111, Time                  499
Brake = 1, turn_right = 0, turn_left = 1, right_tail_light = 111, left_tail_light = 111, Time                  500
Brake = 1, turn_right = 0, turn_left = 1, right_tail_light = 111, left_tail_light = 111, Time                  501
Brake = 1, turn_right = 0, turn_left = 1, right_tail_light = 111, left_tail_light = 110, Time                  502
Brake = 1, turn_right = 0, turn_left = 1, right_tail_light = 111, left_tail_light = 110, Time                  503
Brake = 1, turn_right = 0, turn_left = 1, right_tail_light = 111, left_tail_light = 110, Time                  504
Brake = 1, turn_right = 0, turn_left = 1, right_tail_light = 111, left_tail_light = 110, Time                  505
Brake = 1, turn_right = 0, turn_left = 1, right_tail_light = 111, left_tail_light = 110, Time                  506
Brake = 1, turn_right = 0, turn_left = 1, right_tail_light = 111, left_tail_light = 110, Time                  507
Brake = 1, turn_right = 0, turn_left = 1, right_tail_light = 111, left_tail_light = 110, Time                  508
Brake = 1, turn_right = 0, turn_left = 1, right_tail_light = 111, left_tail_light = 110, Time                  509
Brake = 1, turn_right = 1, turn_left = 0, right_tail_light = 111, left_tail_light = 110, Time                  510
Brake = 1, turn_right = 1, turn_left = 0, right_tail_light = 111, left_tail_light = 110, Time                  511
Brake = 1, turn_right = 1, turn_left = 0, right_tail_light = 111, left_tail_light = 111, Time                  512
Brake = 1, turn_right = 1, turn_left = 0, right_tail_light = 111, left_tail_light = 111, Time                  513
Brake = 1, turn_right = 1, turn_left = 0, right_tail_light = 111, left_tail_light = 111, Time                  514
Brake = 1, turn_right = 1, turn_left = 0, right_tail_light = 111, left_tail_light = 111, Time                  515
Brake = 1, turn_right = 1, turn_left = 0, right_tail_light = 111, left_tail_light = 111, Time                  516
Brake = 1, turn_right = 1, turn_left = 0, right_tail_light = 111, left_tail_light = 111, Time                  517
Brake = 1, turn_right = 1, turn_left = 0, right_tail_light = 111, left_tail_light = 111, Time                  518
Brake = 1, turn_right = 1, turn_left = 0, right_tail_light = 111, left_tail_light = 111, Time                  519
Brake = 1, turn_right = 1, turn_left = 0, right_tail_light = 111, left_tail_light = 111, Time                  520
Brake = 1, turn_right = 1, turn_left = 0, right_tail_light = 111, left_tail_light = 111, Time                  521
Brake = 1, turn_right = 1, turn_left = 0, right_tail_light = 110, left_tail_light = 111, Time                  522
Brake = 1, turn_right = 1, turn_left = 0, right_tail_light = 110, left_tail_light = 111, Time                  523
Brake = 1, turn_right = 1, turn_left = 0, right_tail_light = 110, left_tail_light = 111, Time                  524
Brake = 1, turn_right = 1, turn_left = 0, right_tail_light = 110, left_tail_light = 111, Time                  525
Brake = 1, turn_right = 1, turn_left = 0, right_tail_light = 110, left_tail_light = 111, Time                  526
Brake = 1, turn_right = 1, turn_left = 0, right_tail_light = 110, left_tail_light = 111, Time                  527
Brake = 1, turn_right = 1, turn_left = 0, right_tail_light = 110, left_tail_light = 111, Time                  528
Brake = 1, turn_right = 1, turn_left = 0, right_tail_light = 110, left_tail_light = 111, Time                  529
Brake = 1, turn_right = 1, turn_left = 0, right_tail_light = 110, left_tail_light = 111, Time                  530
Brake = 1, turn_right = 1, turn_left = 0, right_tail_light = 110, left_tail_light = 111, Time                  531
Brake = 1, turn_right = 1, turn_left = 0, right_tail_light = 100, left_tail_light = 111, Time                  532
Brake = 1, turn_right = 1, turn_left = 0, right_tail_light = 100, left_tail_light = 111, Time                  533
Brake = 1, turn_right = 1, turn_left = 0, right_tail_light = 100, left_tail_light = 111, Time                  534
Brake = 1, turn_right = 1, turn_left = 0, right_tail_light = 100, left_tail_light = 111, Time                  535
Brake = 1, turn_right = 1, turn_left = 0, right_tail_light = 100, left_tail_light = 111, Time                  536
Brake = 1, turn_right = 1, turn_left = 0, right_tail_light = 100, left_tail_light = 111, Time                  537
Brake = 1, turn_right = 1, turn_left = 0, right_tail_light = 100, left_tail_light = 111, Time                  538
Brake = 1, turn_right = 1, turn_left = 0, right_tail_light = 100, left_tail_light = 111, Time                  539
Brake = 1, turn_right = 1, turn_left = 0, right_tail_light = 100, left_tail_light = 111, Time                  540
Brake = 1, turn_right = 1, turn_left = 0, right_tail_light = 100, left_tail_light = 111, Time                  541
Brake = 1, turn_right = 1, turn_left = 0, right_tail_light = 000, left_tail_light = 111, Time                  542
Brake = 1, turn_right = 1, turn_left = 0, right_tail_light = 000, left_tail_light = 111, Time                  543
Brake = 1, turn_right = 1, turn_left = 0, right_tail_light = 000, left_tail_light = 111, Time                  544
Brake = 1, turn_right = 1, turn_left = 0, right_tail_light = 000, left_tail_light = 111, Time                  545
Brake = 1, turn_right = 1, turn_left = 0, right_tail_light = 000, left_tail_light = 111, Time                  546
Brake = 1, turn_right = 1, turn_left = 0, right_tail_light = 000, left_tail_light = 111, Time                  547
Brake = 1, turn_right = 1, turn_left = 0, right_tail_light = 000, left_tail_light = 111, Time                  548
Brake = 1, turn_right = 1, turn_left = 0, right_tail_light = 000, left_tail_light = 111, Time                  549
Brake = 1, turn_right = 1, turn_left = 0, right_tail_light = 000, left_tail_light = 111, Time                  550
Brake = 1, turn_right = 1, turn_left = 0, right_tail_light = 000, left_tail_light = 111, Time                  551
Brake = 1, turn_right = 1, turn_left = 0, right_tail_light = 111, left_tail_light = 111, Time                  552
Brake = 1, turn_right = 1, turn_left = 0, right_tail_light = 111, left_tail_light = 111, Time                  553
Brake = 1, turn_right = 1, turn_left = 0, right_tail_light = 111, left_tail_light = 111, Time                  554
Brake = 1, turn_right = 1, turn_left = 0, right_tail_light = 111, left_tail_light = 111, Time                  555
Brake = 1, turn_right = 1, turn_left = 0, right_tail_light = 111, left_tail_light = 111, Time                  556
Brake = 1, turn_right = 1, turn_left = 0, right_tail_light = 111, left_tail_light = 111, Time                  557
Brake = 1, turn_right = 1, turn_left = 0, right_tail_light = 111, left_tail_light = 111, Time                  558
Brake = 1, turn_right = 1, turn_left = 0, right_tail_light = 111, left_tail_light = 111, Time                  559
Brake = 1, turn_right = 1, turn_left = 0, right_tail_light = 111, left_tail_light = 111, Time                  560
Brake = 1, turn_right = 1, turn_left = 0, right_tail_light = 111, left_tail_light = 111, Time                  561
Brake = 1, turn_right = 1, turn_left = 0, right_tail_light = 110, left_tail_light = 111, Time                  562
Brake = 1, turn_right = 1, turn_left = 0, right_tail_light = 110, left_tail_light = 111, Time                  563
Brake = 1, turn_right = 1, turn_left = 0, right_tail_light = 110, left_tail_light = 111, Time                  564
Brake = 1, turn_right = 1, turn_left = 0, right_tail_light = 110, left_tail_light = 111, Time                  565
Brake = 1, turn_right = 1, turn_left = 0, right_tail_light = 110, left_tail_light = 111, Time                  566
Brake = 1, turn_right = 1, turn_left = 0, right_tail_light = 110, left_tail_light = 111, Time                  567
Brake = 1, turn_right = 1, turn_left = 0, right_tail_light = 110, left_tail_light = 111, Time                  568
Brake = 1, turn_right = 1, turn_left = 0, right_tail_light = 110, left_tail_light = 111, Time                  569
Brake = 1, turn_right = 1, turn_left = 0, right_tail_light = 110, left_tail_light = 111, Time                  570
Brake = 1, turn_right = 1, turn_left = 0, right_tail_light = 110, left_tail_light = 111, Time                  571
Brake = 1, turn_right = 1, turn_left = 0, right_tail_light = 100, left_tail_light = 111, Time                  572
Brake = 1, turn_right = 1, turn_left = 0, right_tail_light = 100, left_tail_light = 111, Time                  573
Brake = 1, turn_right = 1, turn_left = 0, right_tail_light = 100, left_tail_light = 111, Time                  574
Brake = 1, turn_right = 1, turn_left = 0, right_tail_light = 100, left_tail_light = 111, Time                  575
Brake = 1, turn_right = 1, turn_left = 0, right_tail_light = 100, left_tail_light = 111, Time                  576
Brake = 1, turn_right = 1, turn_left = 0, right_tail_light = 100, left_tail_light = 111, Time                  577
Brake = 1, turn_right = 1, turn_left = 0, right_tail_light = 100, left_tail_light = 111, Time                  578
Brake = 1, turn_right = 1, turn_left = 0, right_tail_light = 100, left_tail_light = 111, Time                  579
Brake = 1, turn_right = 1, turn_left = 0, right_tail_light = 100, left_tail_light = 111, Time                  580
Brake = 1, turn_right = 1, turn_left = 0, right_tail_light = 100, left_tail_light = 111, Time                  581
Brake = 1, turn_right = 1, turn_left = 0, right_tail_light = 000, left_tail_light = 111, Time                  582
Brake = 1, turn_right = 1, turn_left = 0, right_tail_light = 000, left_tail_light = 111, Time                  583
Brake = 1, turn_right = 1, turn_left = 0, right_tail_light = 000, left_tail_light = 111, Time                  584
Brake = 1, turn_right = 1, turn_left = 0, right_tail_light = 000, left_tail_light = 111, Time                  585
Brake = 1, turn_right = 1, turn_left = 0, right_tail_light = 000, left_tail_light = 111, Time                  586
Brake = 1, turn_right = 1, turn_left = 0, right_tail_light = 000, left_tail_light = 111, Time                  587
Brake = 1, turn_right = 1, turn_left = 0, right_tail_light = 000, left_tail_light = 111, Time                  588
Brake = 1, turn_right = 1, turn_left = 0, right_tail_light = 000, left_tail_light = 111, Time                  589
Brake = 1, turn_right = 1, turn_left = 0, right_tail_light = 000, left_tail_light = 111, Time                  590
Brake = 1, turn_right = 1, turn_left = 0, right_tail_light = 000, left_tail_light = 111, Time                  591
Brake = 1, turn_right = 1, turn_left = 0, right_tail_light = 111, left_tail_light = 111, Time                  592
Brake = 1, turn_right = 1, turn_left = 0, right_tail_light = 111, left_tail_light = 111, Time                  593
Brake = 1, turn_right = 1, turn_left = 0, right_tail_light = 111, left_tail_light = 111, Time                  594
Brake = 1, turn_right = 1, turn_left = 0, right_tail_light = 111, left_tail_light = 111, Time                  595
Brake = 1, turn_right = 1, turn_left = 0, right_tail_light = 111, left_tail_light = 111, Time                  596
Brake = 1, turn_right = 1, turn_left = 0, right_tail_light = 111, left_tail_light = 111, Time                  597
Brake = 1, turn_right = 1, turn_left = 0, right_tail_light = 111, left_tail_light = 111, Time                  598
Brake = 1, turn_right = 1, turn_left = 0, right_tail_light = 111, left_tail_light = 111, Time                  599
Brake = 1, turn_right = 1, turn_left = 0, right_tail_light = 111, left_tail_light = 111, Time                  600
Brake = 1, turn_right = 1, turn_left = 0, right_tail_light = 111, left_tail_light = 111, Time                  601
Brake = 1, turn_right = 1, turn_left = 0, right_tail_light = 110, left_tail_light = 111, Time                  602
Brake = 1, turn_right = 1, turn_left = 0, right_tail_light = 110, left_tail_light = 111, Time                  603
Brake = 1, turn_right = 1, turn_left = 0, right_tail_light = 110, left_tail_light = 111, Time                  604
Brake = 1, turn_right = 1, turn_left = 0, right_tail_light = 110, left_tail_light = 111, Time                  605
Brake = 1, turn_right = 1, turn_left = 0, right_tail_light = 110, left_tail_light = 111, Time                  606
Brake = 1, turn_right = 1, turn_left = 0, right_tail_light = 110, left_tail_light = 111, Time                  607
Brake = 1, turn_right = 1, turn_left = 0, right_tail_light = 110, left_tail_light = 111, Time                  608
Brake = 1, turn_right = 1, turn_left = 0, right_tail_light = 110, left_tail_light = 111, Time                  609
Brake = 0, turn_right = 0, turn_left = 1, right_tail_light = 110, left_tail_light = 111, Time                  610
Brake = 0, turn_right = 0, turn_left = 1, right_tail_light = 110, left_tail_light = 111, Time                  611
Brake = 0, turn_right = 0, turn_left = 1, right_tail_light = 000, left_tail_light = 001, Time                  612
Brake = 1, turn_right = 0, turn_left = 1, right_tail_light = 000, left_tail_light = 001, Time                  613
Brake = 1, turn_right = 0, turn_left = 1, right_tail_light = 000, left_tail_light = 001, Time                  614
Brake = 1, turn_right = 0, turn_left = 1, right_tail_light = 000, left_tail_light = 001, Time                  615
Brake = 1, turn_right = 0, turn_left = 1, right_tail_light = 111, left_tail_light = 001, Time                  616
Brake = 1, turn_right = 0, turn_left = 1, right_tail_light = 111, left_tail_light = 001, Time                  617
Brake = 1, turn_right = 0, turn_left = 1, right_tail_light = 111, left_tail_light = 001, Time                  618
Brake = 1, turn_right = 0, turn_left = 1, right_tail_light = 111, left_tail_light = 001, Time                  619
Brake = 1, turn_right = 0, turn_left = 1, right_tail_light = 111, left_tail_light = 001, Time                  620
Brake = 1, turn_right = 0, turn_left = 1, right_tail_light = 111, left_tail_light = 001, Time                  621
Brake = 1, turn_right = 0, turn_left = 1, right_tail_light = 111, left_tail_light = 001, Time                  622
Brake = 1, turn_right = 0, turn_left = 1, right_tail_light = 111, left_tail_light = 001, Time                  623
Brake = 1, turn_right = 0, turn_left = 1, right_tail_light = 111, left_tail_light = 001, Time                  624
Brake = 1, turn_right = 0, turn_left = 1, right_tail_light = 111, left_tail_light = 001, Time                  625
Brake = 1, turn_right = 0, turn_left = 1, right_tail_light = 111, left_tail_light = 001, Time                  626
Brake = 1, turn_right = 0, turn_left = 1, right_tail_light = 111, left_tail_light = 001, Time                  627
Brake = 1, turn_right = 0, turn_left = 1, right_tail_light = 111, left_tail_light = 001, Time                  628
Brake = 1, turn_right = 0, turn_left = 1, right_tail_light = 111, left_tail_light = 001, Time                  629
Brake = 1, turn_right = 0, turn_left = 1, right_tail_light = 111, left_tail_light = 001, Time                  630
Brake = 1, turn_right = 0, turn_left = 1, right_tail_light = 111, left_tail_light = 001, Time                  631
Brake = 1, turn_right = 0, turn_left = 1, right_tail_light = 111, left_tail_light = 001, Time                  632
Brake = 1, turn_right = 0, turn_left = 1, right_tail_light = 111, left_tail_light = 001, Time                  633
Brake = 1, turn_right = 0, turn_left = 1, right_tail_light = 111, left_tail_light = 001, Time                  634
Brake = 1, turn_right = 0, turn_left = 1, right_tail_light = 111, left_tail_light = 001, Time                  635
Brake = 1, turn_right = 0, turn_left = 1, right_tail_light = 111, left_tail_light = 001, Time                  636
Brake = 1, turn_right = 0, turn_left = 1, right_tail_light = 111, left_tail_light = 001, Time                  637
Brake = 1, turn_right = 0, turn_left = 1, right_tail_light = 111, left_tail_light = 001, Time                  638
Brake = 1, turn_right = 0, turn_left = 1, right_tail_light = 111, left_tail_light = 001, Time                  639
Brake = 1, turn_right = 0, turn_left = 1, right_tail_light = 111, left_tail_light = 001, Time                  640
Brake = 1, turn_right = 0, turn_left = 1, right_tail_light = 111, left_tail_light = 001, Time                  641
Brake = 1, turn_right = 0, turn_left = 1, right_tail_light = 111, left_tail_light = 001, Time                  642
Brake = 1, turn_right = 0, turn_left = 1, right_tail_light = 111, left_tail_light = 001, Time                  643
Brake = 1, turn_right = 0, turn_left = 1, right_tail_light = 111, left_tail_light = 001, Time                  644
Brake = 1, turn_right = 0, turn_left = 1, right_tail_light = 111, left_tail_light = 001, Time                  645
Brake = 1, turn_right = 0, turn_left = 1, right_tail_light = 111, left_tail_light = 001, Time                  646
Brake = 1, turn_right = 0, turn_left = 1, right_tail_light = 111, left_tail_light = 001, Time                  647
Brake = 1, turn_right = 0, turn_left = 1, right_tail_light = 111, left_tail_light = 001, Time                  648
Brake = 1, turn_right = 0, turn_left = 1, right_tail_light = 111, left_tail_light = 001, Time                  649
Brake = 1, turn_right = 0, turn_left = 1, right_tail_light = 111, left_tail_light = 001, Time                  650
Brake = 1, turn_right = 0, turn_left = 1, right_tail_light = 111, left_tail_light = 001, Time                  651
Brake = 1, turn_right = 0, turn_left = 1, right_tail_light = 111, left_tail_light = 001, Time                  652
Brake = 1, turn_right = 0, turn_left = 1, right_tail_light = 111, left_tail_light = 001, Time                  653
Brake = 1, turn_right = 0, turn_left = 1, right_tail_light = 111, left_tail_light = 001, Time                  654
Brake = 1, turn_right = 0, turn_left = 1, right_tail_light = 111, left_tail_light = 001, Time                  655
Brake = 1, turn_right = 0, turn_left = 1, right_tail_light = 111, left_tail_light = 001, Time                  656
Brake = 1, turn_right = 0, turn_left = 1, right_tail_light = 111, left_tail_light = 001, Time                  657
Brake = 1, turn_right = 0, turn_left = 1, right_tail_light = 111, left_tail_light = 001, Time                  658
Brake = 1, turn_right = 0, turn_left = 1, right_tail_light = 111, left_tail_light = 001, Time                  659
Brake = 1, turn_right = 0, turn_left = 1, right_tail_light = 111, left_tail_light = 001, Time                  660
Brake = 1, turn_right = 0, turn_left = 1, right_tail_light = 111, left_tail_light = 001, Time                  661
Brake = 1, turn_right = 0, turn_left = 1, right_tail_light = 111, left_tail_light = 001, Time                  662
Brake = 1, turn_right = 0, turn_left = 1, right_tail_light = 111, left_tail_light = 001, Time                  663
Brake = 1, turn_right = 0, turn_left = 1, right_tail_light = 111, left_tail_light = 001, Time                  664
Brake = 1, turn_right = 0, turn_left = 1, right_tail_light = 111, left_tail_light = 001, Time                  665
Brake = 1, turn_right = 0, turn_left = 1, right_tail_light = 111, left_tail_light = 001, Time                  666
Brake = 1, turn_right = 0, turn_left = 1, right_tail_light = 111, left_tail_light = 001, Time                  667
Brake = 1, turn_right = 0, turn_left = 1, right_tail_light = 111, left_tail_light = 001, Time                  668
Brake = 1, turn_right = 0, turn_left = 1, right_tail_light = 111, left_tail_light = 001, Time                  669
Brake = 1, turn_right = 0, turn_left = 1, right_tail_light = 111, left_tail_light = 001, Time                  670
Brake = 1, turn_right = 0, turn_left = 1, right_tail_light = 111, left_tail_light = 001, Time                  671
Brake = 1, turn_right = 0, turn_left = 1, right_tail_light = 111, left_tail_light = 001, Time                  672
Brake = 1, turn_right = 0, turn_left = 1, right_tail_light = 111, left_tail_light = 001, Time                  673
Brake = 1, turn_right = 0, turn_left = 1, right_tail_light = 111, left_tail_light = 001, Time                  674
Brake = 1, turn_right = 0, turn_left = 1, right_tail_light = 111, left_tail_light = 001, Time                  675
Brake = 1, turn_right = 0, turn_left = 1, right_tail_light = 111, left_tail_light = 001, Time                  676
Brake = 1, turn_right = 0, turn_left = 1, right_tail_light = 111, left_tail_light = 001, Time                  677
Brake = 1, turn_right = 0, turn_left = 1, right_tail_light = 111, left_tail_light = 001, Time                  678
Brake = 1, turn_right = 0, turn_left = 1, right_tail_light = 111, left_tail_light = 001, Time                  679
Brake = 1, turn_right = 0, turn_left = 1, right_tail_light = 111, left_tail_light = 001, Time                  680
Brake = 1, turn_right = 0, turn_left = 1, right_tail_light = 111, left_tail_light = 001, Time                  681
Brake = 1, turn_right = 0, turn_left = 1, right_tail_light = 111, left_tail_light = 001, Time                  682
Brake = 1, turn_right = 0, turn_left = 1, right_tail_light = 111, left_tail_light = 001, Time                  683
Brake = 1, turn_right = 0, turn_left = 1, right_tail_light = 111, left_tail_light = 001, Time                  684
Brake = 1, turn_right = 0, turn_left = 1, right_tail_light = 111, left_tail_light = 001, Time                  685
Brake = 1, turn_right = 0, turn_left = 1, right_tail_light = 111, left_tail_light = 001, Time                  686
Brake = 1, turn_right = 0, turn_left = 1, right_tail_light = 111, left_tail_light = 001, Time                  687
Brake = 1, turn_right = 0, turn_left = 1, right_tail_light = 111, left_tail_light = 001, Time                  688
Brake = 1, turn_right = 0, turn_left = 1, right_tail_light = 111, left_tail_light = 001, Time                  689
Brake = 1, turn_right = 0, turn_left = 1, right_tail_light = 111, left_tail_light = 001, Time                  690
Brake = 1, turn_right = 0, turn_left = 1, right_tail_light = 111, left_tail_light = 001, Time                  691
Brake = 1, turn_right = 0, turn_left = 1, right_tail_light = 111, left_tail_light = 001, Time                  692
Brake = 1, turn_right = 0, turn_left = 1, right_tail_light = 111, left_tail_light = 001, Time                  693
Brake = 1, turn_right = 0, turn_left = 1, right_tail_light = 111, left_tail_light = 001, Time                  694
Brake = 1, turn_right = 0, turn_left = 1, right_tail_light = 111, left_tail_light = 001, Time                  695
Brake = 1, turn_right = 0, turn_left = 1, right_tail_light = 111, left_tail_light = 001, Time                  696
Brake = 1, turn_right = 0, turn_left = 1, right_tail_light = 111, left_tail_light = 001, Time                  697
Brake = 1, turn_right = 0, turn_left = 1, right_tail_light = 111, left_tail_light = 001, Time                  698
Brake = 1, turn_right = 0, turn_left = 1, right_tail_light = 111, left_tail_light = 001, Time                  699
Brake = 1, turn_right = 0, turn_left = 1, right_tail_light = 111, left_tail_light = 001, Time                  700
Brake = 1, turn_right = 0, turn_left = 1, right_tail_light = 111, left_tail_light = 001, Time                  701
Brake = 1, turn_right = 0, turn_left = 1, right_tail_light = 111, left_tail_light = 001, Time                  702
Brake = 1, turn_right = 0, turn_left = 1, right_tail_light = 111, left_tail_light = 001, Time                  703
Brake = 1, turn_right = 0, turn_left = 1, right_tail_light = 111, left_tail_light = 001, Time                  704
Brake = 1, turn_right = 0, turn_left = 1, right_tail_light = 111, left_tail_light = 001, Time                  705
Brake = 1, turn_right = 0, turn_left = 1, right_tail_light = 111, left_tail_light = 001, Time                  706
Brake = 1, turn_right = 0, turn_left = 1, right_tail_light = 111, left_tail_light = 001, Time                  707
Brake = 1, turn_right = 0, turn_left = 1, right_tail_light = 111, left_tail_light = 001, Time                  708
Brake = 1, turn_right = 0, turn_left = 1, right_tail_light = 111, left_tail_light = 001, Time                  709
Brake = 1, turn_right = 0, turn_left = 1, right_tail_light = 111, left_tail_light = 001, Time                  710
Brake = 1, turn_right = 0, turn_left = 1, right_tail_light = 111, left_tail_light = 001, Time                  711
Brake = 1, turn_right = 0, turn_left = 1, right_tail_light = 111, left_tail_light = 001, Time                  712
Brake = 0, turn_right = 1, turn_left = 0, right_tail_light = 111, left_tail_light = 001, Time                  713
Brake = 0, turn_right = 1, turn_left = 0, right_tail_light = 111, left_tail_light = 001, Time                  714
Brake = 0, turn_right = 1, turn_left = 0, right_tail_light = 111, left_tail_light = 001, Time                  715
Brake = 1, turn_right = 1, turn_left = 0, right_tail_light = 111, left_tail_light = 000, Time                  716
Brake = 1, turn_right = 1, turn_left = 0, right_tail_light = 111, left_tail_light = 000, Time                  717
Brake = 1, turn_right = 1, turn_left = 0, right_tail_light = 111, left_tail_light = 111, Time                  718
Brake = 1, turn_right = 1, turn_left = 0, right_tail_light = 111, left_tail_light = 111, Time                  719
Brake = 1, turn_right = 1, turn_left = 0, right_tail_light = 111, left_tail_light = 111, Time                  720
Brake = 1, turn_right = 1, turn_left = 0, right_tail_light = 111, left_tail_light = 111, Time                  721
Brake = 1, turn_right = 1, turn_left = 0, right_tail_light = 111, left_tail_light = 111, Time                  722
Brake = 1, turn_right = 1, turn_left = 0, right_tail_light = 111, left_tail_light = 111, Time                  723
Brake = 1, turn_right = 1, turn_left = 0, right_tail_light = 111, left_tail_light = 111, Time                  724
Brake = 1, turn_right = 1, turn_left = 0, right_tail_light = 111, left_tail_light = 111, Time                  725
Brake = 1, turn_right = 1, turn_left = 0, right_tail_light = 111, left_tail_light = 111, Time                  726
Brake = 1, turn_right = 1, turn_left = 0, right_tail_light = 111, left_tail_light = 111, Time                  727
Brake = 1, turn_right = 1, turn_left = 0, right_tail_light = 110, left_tail_light = 111, Time                  728
Brake = 1, turn_right = 1, turn_left = 0, right_tail_light = 110, left_tail_light = 111, Time                  729
Brake = 1, turn_right = 1, turn_left = 0, right_tail_light = 110, left_tail_light = 111, Time                  730
Brake = 1, turn_right = 1, turn_left = 0, right_tail_light = 110, left_tail_light = 111, Time                  731
Brake = 1, turn_right = 1, turn_left = 0, right_tail_light = 110, left_tail_light = 111, Time                  732
Brake = 1, turn_right = 1, turn_left = 0, right_tail_light = 110, left_tail_light = 111, Time                  733
Brake = 1, turn_right = 1, turn_left = 0, right_tail_light = 110, left_tail_light = 111, Time                  734
Brake = 1, turn_right = 1, turn_left = 0, right_tail_light = 110, left_tail_light = 111, Time                  735
Brake = 1, turn_right = 1, turn_left = 0, right_tail_light = 110, left_tail_light = 111, Time                  736
Brake = 1, turn_right = 1, turn_left = 0, right_tail_light = 110, left_tail_light = 111, Time                  737
Brake = 1, turn_right = 1, turn_left = 0, right_tail_light = 100, left_tail_light = 111, Time                  738
Brake = 1, turn_right = 1, turn_left = 0, right_tail_light = 100, left_tail_light = 111, Time                  739
Brake = 1, turn_right = 1, turn_left = 0, right_tail_light = 100, left_tail_light = 111, Time                  740
Brake = 1, turn_right = 1, turn_left = 0, right_tail_light = 100, left_tail_light = 111, Time                  741
Brake = 1, turn_right = 1, turn_left = 0, right_tail_light = 100, left_tail_light = 111, Time                  742
Brake = 1, turn_right = 1, turn_left = 0, right_tail_light = 100, left_tail_light = 111, Time                  743
Brake = 1, turn_right = 1, turn_left = 0, right_tail_light = 100, left_tail_light = 111, Time                  744
Brake = 1, turn_right = 1, turn_left = 0, right_tail_light = 100, left_tail_light = 111, Time                  745
Brake = 1, turn_right = 1, turn_left = 0, right_tail_light = 100, left_tail_light = 111, Time                  746
Brake = 1, turn_right = 1, turn_left = 0, right_tail_light = 100, left_tail_light = 111, Time                  747
Brake = 1, turn_right = 1, turn_left = 0, right_tail_light = 000, left_tail_light = 111, Time                  748
Brake = 1, turn_right = 1, turn_left = 0, right_tail_light = 000, left_tail_light = 111, Time                  749
Brake = 1, turn_right = 1, turn_left = 0, right_tail_light = 000, left_tail_light = 111, Time                  750
Brake = 1, turn_right = 1, turn_left = 0, right_tail_light = 000, left_tail_light = 111, Time                  751
Brake = 1, turn_right = 1, turn_left = 0, right_tail_light = 000, left_tail_light = 111, Time                  752
Brake = 1, turn_right = 1, turn_left = 0, right_tail_light = 000, left_tail_light = 111, Time                  753
Brake = 1, turn_right = 1, turn_left = 0, right_tail_light = 000, left_tail_light = 111, Time                  754
Brake = 1, turn_right = 1, turn_left = 0, right_tail_light = 000, left_tail_light = 111, Time                  755
Brake = 1, turn_right = 1, turn_left = 0, right_tail_light = 000, left_tail_light = 111, Time                  756
Brake = 1, turn_right = 1, turn_left = 0, right_tail_light = 000, left_tail_light = 111, Time                  757
Brake = 1, turn_right = 1, turn_left = 0, right_tail_light = 111, left_tail_light = 111, Time                  758
Brake = 1, turn_right = 1, turn_left = 0, right_tail_light = 111, left_tail_light = 111, Time                  759
Brake = 1, turn_right = 1, turn_left = 0, right_tail_light = 111, left_tail_light = 111, Time                  760
Brake = 1, turn_right = 1, turn_left = 0, right_tail_light = 111, left_tail_light = 111, Time                  761
Brake = 1, turn_right = 1, turn_left = 0, right_tail_light = 111, left_tail_light = 111, Time                  762
Brake = 1, turn_right = 1, turn_left = 0, right_tail_light = 111, left_tail_light = 111, Time                  763
Brake = 1, turn_right = 1, turn_left = 0, right_tail_light = 111, left_tail_light = 111, Time                  764
Brake = 1, turn_right = 1, turn_left = 0, right_tail_light = 111, left_tail_light = 111, Time                  765
Brake = 1, turn_right = 1, turn_left = 0, right_tail_light = 111, left_tail_light = 111, Time                  766
Brake = 1, turn_right = 1, turn_left = 0, right_tail_light = 111, left_tail_light = 111, Time                  767
Brake = 1, turn_right = 1, turn_left = 0, right_tail_light = 110, left_tail_light = 111, Time                  768
Brake = 1, turn_right = 1, turn_left = 0, right_tail_light = 110, left_tail_light = 111, Time                  769
Brake = 1, turn_right = 1, turn_left = 0, right_tail_light = 110, left_tail_light = 111, Time                  770
Brake = 1, turn_right = 1, turn_left = 0, right_tail_light = 110, left_tail_light = 111, Time                  771
Brake = 1, turn_right = 1, turn_left = 0, right_tail_light = 110, left_tail_light = 111, Time                  772
Brake = 1, turn_right = 1, turn_left = 0, right_tail_light = 110, left_tail_light = 111, Time                  773
Brake = 1, turn_right = 1, turn_left = 0, right_tail_light = 110, left_tail_light = 111, Time                  774
Brake = 1, turn_right = 1, turn_left = 0, right_tail_light = 110, left_tail_light = 111, Time                  775
Brake = 1, turn_right = 1, turn_left = 0, right_tail_light = 110, left_tail_light = 111, Time                  776
Brake = 1, turn_right = 1, turn_left = 0, right_tail_light = 110, left_tail_light = 111, Time                  777
Brake = 1, turn_right = 1, turn_left = 0, right_tail_light = 100, left_tail_light = 111, Time                  778
Brake = 1, turn_right = 1, turn_left = 0, right_tail_light = 100, left_tail_light = 111, Time                  779
Brake = 1, turn_right = 1, turn_left = 0, right_tail_light = 100, left_tail_light = 111, Time                  780
Brake = 1, turn_right = 1, turn_left = 0, right_tail_light = 100, left_tail_light = 111, Time                  781
Brake = 1, turn_right = 1, turn_left = 0, right_tail_light = 100, left_tail_light = 111, Time                  782
Brake = 1, turn_right = 1, turn_left = 0, right_tail_light = 100, left_tail_light = 111, Time                  783
Brake = 1, turn_right = 1, turn_left = 0, right_tail_light = 100, left_tail_light = 111, Time                  784
Brake = 1, turn_right = 1, turn_left = 0, right_tail_light = 100, left_tail_light = 111, Time                  785
Brake = 1, turn_right = 1, turn_left = 0, right_tail_light = 100, left_tail_light = 111, Time                  786
Brake = 1, turn_right = 1, turn_left = 0, right_tail_light = 100, left_tail_light = 111, Time                  787
Brake = 1, turn_right = 1, turn_left = 0, right_tail_light = 000, left_tail_light = 111, Time                  788
Brake = 1, turn_right = 1, turn_left = 0, right_tail_light = 000, left_tail_light = 111, Time                  789
Brake = 1, turn_right = 1, turn_left = 0, right_tail_light = 000, left_tail_light = 111, Time                  790
Brake = 1, turn_right = 1, turn_left = 0, right_tail_light = 000, left_tail_light = 111, Time                  791
Brake = 1, turn_right = 1, turn_left = 0, right_tail_light = 000, left_tail_light = 111, Time                  792
Brake = 1, turn_right = 1, turn_left = 0, right_tail_light = 000, left_tail_light = 111, Time                  793
Brake = 1, turn_right = 1, turn_left = 0, right_tail_light = 000, left_tail_light = 111, Time                  794
Brake = 1, turn_right = 1, turn_left = 0, right_tail_light = 000, left_tail_light = 111, Time                  795
Brake = 1, turn_right = 1, turn_left = 0, right_tail_light = 000, left_tail_light = 111, Time                  796
Brake = 1, turn_right = 1, turn_left = 0, right_tail_light = 000, left_tail_light = 111, Time                  797
Brake = 1, turn_right = 1, turn_left = 0, right_tail_light = 111, left_tail_light = 111, Time                  798
Brake = 1, turn_right = 1, turn_left = 0, right_tail_light = 111, left_tail_light = 111, Time                  799
Brake = 1, turn_right = 1, turn_left = 0, right_tail_light = 111, left_tail_light = 111, Time                  800
Brake = 1, turn_right = 1, turn_left = 0, right_tail_light = 111, left_tail_light = 111, Time                  801
Brake = 1, turn_right = 1, turn_left = 0, right_tail_light = 111, left_tail_light = 111, Time                  802
Brake = 1, turn_right = 1, turn_left = 0, right_tail_light = 111, left_tail_light = 111, Time                  803
Brake = 1, turn_right = 1, turn_left = 0, right_tail_light = 111, left_tail_light = 111, Time                  804
Brake = 1, turn_right = 1, turn_left = 0, right_tail_light = 111, left_tail_light = 111, Time                  805
Brake = 1, turn_right = 1, turn_left = 0, right_tail_light = 111, left_tail_light = 111, Time                  806
Brake = 1, turn_right = 1, turn_left = 0, right_tail_light = 111, left_tail_light = 111, Time                  807
Brake = 1, turn_right = 1, turn_left = 0, right_tail_light = 110, left_tail_light = 111, Time                  808
Brake = 1, turn_right = 1, turn_left = 0, right_tail_light = 110, left_tail_light = 111, Time                  809
Brake = 1, turn_right = 1, turn_left = 0, right_tail_light = 110, left_tail_light = 111, Time                  810
Brake = 1, turn_right = 1, turn_left = 0, right_tail_light = 110, left_tail_light = 111, Time                  811
Brake = 1, turn_right = 1, turn_left = 0, right_tail_light = 110, left_tail_light = 111, Time                  812
Brake = 1, turn_right = 1, turn_left = 0, right_tail_light = 110, left_tail_light = 111, Time                  813
Brake = 1, turn_right = 1, turn_left = 0, right_tail_light = 110, left_tail_light = 111, Time                  814
Brake = 1, turn_right = 1, turn_left = 0, right_tail_light = 110, left_tail_light = 111, Time                  815
Simulation complete via $finish(1) at time 816 NS + 0
../testbench/tail_light_sequencer_tb.v:85         $finish;
xcelium> exit
TOOL:	xmverilog	17.10-s001: Exiting on Sep 28, 2023 at 14:25:55 EDT  (total: 00:00:01)
