xmverilog(64): 17.10-s001: (c) Copyright 1995-2017 Cadence Design Systems, Inc.
TOOL:	xmverilog	17.10-s001: Started on Sep 12, 2023 at 21:33:36 EDT
xmverilog
	../source/program_counter.v
	-compile
DEFINE      basic                   $CDK_DIR/lib/basic
|
xmverilog: *W,DLCPTH (/apps/design_kits/ncsu-cdk-1.6.0.beta/cdssetup/cds.lib,2): cds.lib Invalid path '/home/ead/yihui/cadence/design_kits/ncsu-cdk-1.6.0.beta/lib/basic' (cds.lib command ignored).
DEFINE      NCSU_Analog_Parts 	    $CDK_DIR/lib/NCSU_Analog_Parts
|
xmverilog: *W,DLCPTH (/apps/design_kits/ncsu-cdk-1.6.0.beta/cdssetup/cds.lib,3): cds.lib Invalid path '/home/ead/yihui/cadence/design_kits/ncsu-cdk-1.6.0.beta/lib/NCSU_Analog_Parts' (cds.lib command ignored).
DEFINE      NCSU_Digital_Parts 	    $CDK_DIR/lib/NCSU_Digital_Parts
|
xmverilog: *W,DLCPTH (/apps/design_kits/ncsu-cdk-1.6.0.beta/cdssetup/cds.lib,4): cds.lib Invalid path '/home/ead/yihui/cadence/design_kits/ncsu-cdk-1.6.0.beta/lib/NCSU_Digital_Parts' (cds.lib command ignored).
DEFINE      NCSU_TechLib_ami06      $CDK_DIR/lib/NCSU_TechLib_ami06
|
xmverilog: *W,DLCPTH (/apps/design_kits/ncsu-cdk-1.6.0.beta/cdssetup/cds.lib,6): cds.lib Invalid path '/home/ead/yihui/cadence/design_kits/ncsu-cdk-1.6.0.beta/lib/NCSU_TechLib_ami06' (cds.lib command ignored).
DEFINE      NCSU_TechLib_ami16      $CDK_DIR/lib/NCSU_TechLib_ami16
|
xmverilog: *W,DLCPTH (/apps/design_kits/ncsu-cdk-1.6.0.beta/cdssetup/cds.lib,7): cds.lib Invalid path '/home/ead/yihui/cadence/design_kits/ncsu-cdk-1.6.0.beta/lib/NCSU_TechLib_ami16' (cds.lib command ignored).
DEFINE      NCSU_TechLib_hp06       $CDK_DIR/lib/NCSU_TechLib_hp06
|
xmverilog: *W,DLCPTH (/apps/design_kits/ncsu-cdk-1.6.0.beta/cdssetup/cds.lib,8): cds.lib Invalid path '/home/ead/yihui/cadence/design_kits/ncsu-cdk-1.6.0.beta/lib/NCSU_TechLib_hp06' (cds.lib command ignored).
DEFINE      NCSU_TechLib_tsmc02     $CDK_DIR/lib/NCSU_TechLib_tsmc02
|
xmverilog: *W,DLCPTH (/apps/design_kits/ncsu-cdk-1.6.0.beta/cdssetup/cds.lib,9): cds.lib Invalid path '/home/ead/yihui/cadence/design_kits/ncsu-cdk-1.6.0.beta/lib/NCSU_TechLib_tsmc02' (cds.lib command ignored).
DEFINE      NCSU_TechLib_tsmc02d    $CDK_DIR/lib/NCSU_TechLib_tsmc02d
|
xmverilog: *W,DLCPTH (/apps/design_kits/ncsu-cdk-1.6.0.beta/cdssetup/cds.lib,10): cds.lib Invalid path '/home/ead/yihui/cadence/design_kits/ncsu-cdk-1.6.0.beta/lib/NCSU_TechLib_tsmc02d' (cds.lib command ignored).
DEFINE      NCSU_TechLib_tsmc03     $CDK_DIR/lib/NCSU_TechLib_tsmc03
|
xmverilog: *W,DLCPTH (/apps/design_kits/ncsu-cdk-1.6.0.beta/cdssetup/cds.lib,11): cds.lib Invalid path '/home/ead/yihui/cadence/design_kits/ncsu-cdk-1.6.0.beta/lib/NCSU_TechLib_tsmc03' (cds.lib command ignored).
DEFINE      NCSU_TechLib_tsmc03d    $CDK_DIR/lib/NCSU_TechLib_tsmc03d
|
xmverilog: *W,DLCPTH (/apps/design_kits/ncsu-cdk-1.6.0.beta/cdssetup/cds.lib,12): cds.lib Invalid path '/home/ead/yihui/cadence/design_kits/ncsu-cdk-1.6.0.beta/lib/NCSU_TechLib_tsmc03d' (cds.lib command ignored).
DEFINE      NCSU_TechLib_tsmc04_4M2P    $CDK_DIR/lib/NCSU_TechLib_tsmc04_4M2P
|
xmverilog: *W,DLCPTH (/apps/design_kits/ncsu-cdk-1.6.0.beta/cdssetup/cds.lib,13): cds.lib Invalid path '/home/ead/yihui/cadence/design_kits/ncsu-cdk-1.6.0.beta/lib/NCSU_TechLib_tsmc04_4M2P' (cds.lib command ignored).
DEFINE      basic                   $CDK_DIR/lib/basic
|
xmverilog: *W,DLCPTH (/apps/design_kits/ncsu-cdk-1.6.0.beta/cdssetup/cds.lib,2): cds.lib Invalid path '/home/ead/yihui/cadence/design_kits/ncsu-cdk-1.6.0.beta/lib/basic' (cds.lib command ignored).
DEFINE      NCSU_Analog_Parts 	    $CDK_DIR/lib/NCSU_Analog_Parts
|
xmverilog: *W,DLCPTH (/apps/design_kits/ncsu-cdk-1.6.0.beta/cdssetup/cds.lib,3): cds.lib Invalid path '/home/ead/yihui/cadence/design_kits/ncsu-cdk-1.6.0.beta/lib/NCSU_Analog_Parts' (cds.lib command ignored).
DEFINE      NCSU_Digital_Parts 	    $CDK_DIR/lib/NCSU_Digital_Parts
|
xmverilog: *W,DLCPTH (/apps/design_kits/ncsu-cdk-1.6.0.beta/cdssetup/cds.lib,4): cds.lib Invalid path '/home/ead/yihui/cadence/design_kits/ncsu-cdk-1.6.0.beta/lib/NCSU_Digital_Parts' (cds.lib command ignored).
DEFINE      NCSU_TechLib_ami06      $CDK_DIR/lib/NCSU_TechLib_ami06
|
xmverilog: *W,DLCPTH (/apps/design_kits/ncsu-cdk-1.6.0.beta/cdssetup/cds.lib,6): cds.lib Invalid path '/home/ead/yihui/cadence/design_kits/ncsu-cdk-1.6.0.beta/lib/NCSU_TechLib_ami06' (cds.lib command ignored).
DEFINE      NCSU_TechLib_ami16      $CDK_DIR/lib/NCSU_TechLib_ami16
|
xmverilog: *W,DLCPTH (/apps/design_kits/ncsu-cdk-1.6.0.beta/cdssetup/cds.lib,7): cds.lib Invalid path '/home/ead/yihui/cadence/design_kits/ncsu-cdk-1.6.0.beta/lib/NCSU_TechLib_ami16' (cds.lib command ignored).
DEFINE      NCSU_TechLib_hp06       $CDK_DIR/lib/NCSU_TechLib_hp06
|
xmverilog: *W,DLCPTH (/apps/design_kits/ncsu-cdk-1.6.0.beta/cdssetup/cds.lib,8): cds.lib Invalid path '/home/ead/yihui/cadence/design_kits/ncsu-cdk-1.6.0.beta/lib/NCSU_TechLib_hp06' (cds.lib command ignored).
DEFINE      NCSU_TechLib_tsmc02     $CDK_DIR/lib/NCSU_TechLib_tsmc02
|
xmverilog: *W,DLCPTH (/apps/design_kits/ncsu-cdk-1.6.0.beta/cdssetup/cds.lib,9): cds.lib Invalid path '/home/ead/yihui/cadence/design_kits/ncsu-cdk-1.6.0.beta/lib/NCSU_TechLib_tsmc02' (cds.lib command ignored).
DEFINE      NCSU_TechLib_tsmc02d    $CDK_DIR/lib/NCSU_TechLib_tsmc02d
|
xmverilog: *W,DLCPTH (/apps/design_kits/ncsu-cdk-1.6.0.beta/cdssetup/cds.lib,10): cds.lib Invalid path '/home/ead/yihui/cadence/design_kits/ncsu-cdk-1.6.0.beta/lib/NCSU_TechLib_tsmc02d' (cds.lib command ignored).
DEFINE      NCSU_TechLib_tsmc03     $CDK_DIR/lib/NCSU_TechLib_tsmc03
|
xmverilog: *W,DLCPTH (/apps/design_kits/ncsu-cdk-1.6.0.beta/cdssetup/cds.lib,11): cds.lib Invalid path '/home/ead/yihui/cadence/design_kits/ncsu-cdk-1.6.0.beta/lib/NCSU_TechLib_tsmc03' (cds.lib command ignored).
DEFINE      NCSU_TechLib_tsmc03d    $CDK_DIR/lib/NCSU_TechLib_tsmc03d
|
xmverilog: *W,DLCPTH (/apps/design_kits/ncsu-cdk-1.6.0.beta/cdssetup/cds.lib,12): cds.lib Invalid path '/home/ead/yihui/cadence/design_kits/ncsu-cdk-1.6.0.beta/lib/NCSU_TechLib_tsmc03d' (cds.lib command ignored).
DEFINE      NCSU_TechLib_tsmc04_4M2P    $CDK_DIR/lib/NCSU_TechLib_tsmc04_4M2P
|
xmverilog: *W,DLCPTH (/apps/design_kits/ncsu-cdk-1.6.0.beta/cdssetup/cds.lib,13): cds.lib Invalid path '/home/ead/yihui/cadence/design_kits/ncsu-cdk-1.6.0.beta/lib/NCSU_TechLib_tsmc04_4M2P' (cds.lib command ignored).
DEFINE      basic                   $CDK_DIR/lib/basic
|
xmverilog: *W,DLCPTH (/apps/design_kits/ncsu-cdk-1.6.0.beta/cdssetup/cds.lib,2): cds.lib Invalid path '/home/ead/yihui/cadence/design_kits/ncsu-cdk-1.6.0.beta/lib/basic' (cds.lib command ignored).
DEFINE      NCSU_Analog_Parts 	    $CDK_DIR/lib/NCSU_Analog_Parts
|
xmverilog: *W,DLCPTH (/apps/design_kits/ncsu-cdk-1.6.0.beta/cdssetup/cds.lib,3): cds.lib Invalid path '/home/ead/yihui/cadence/design_kits/ncsu-cdk-1.6.0.beta/lib/NCSU_Analog_Parts' (cds.lib command ignored).
DEFINE      NCSU_Digital_Parts 	    $CDK_DIR/lib/NCSU_Digital_Parts
|
xmverilog: *W,DLCPTH (/apps/design_kits/ncsu-cdk-1.6.0.beta/cdssetup/cds.lib,4): cds.lib Invalid path '/home/ead/yihui/cadence/design_kits/ncsu-cdk-1.6.0.beta/lib/NCSU_Digital_Parts' (cds.lib command ignored).
DEFINE      NCSU_TechLib_ami06      $CDK_DIR/lib/NCSU_TechLib_ami06
|
xmverilog: *W,DLCPTH (/apps/design_kits/ncsu-cdk-1.6.0.beta/cdssetup/cds.lib,6): cds.lib Invalid path '/home/ead/yihui/cadence/design_kits/ncsu-cdk-1.6.0.beta/lib/NCSU_TechLib_ami06' (cds.lib command ignored).
DEFINE      NCSU_TechLib_ami16      $CDK_DIR/lib/NCSU_TechLib_ami16
|
xmverilog: *W,DLCPTH (/apps/design_kits/ncsu-cdk-1.6.0.beta/cdssetup/cds.lib,7): cds.lib Invalid path '/home/ead/yihui/cadence/design_kits/ncsu-cdk-1.6.0.beta/lib/NCSU_TechLib_ami16' (cds.lib command ignored).
DEFINE      NCSU_TechLib_hp06       $CDK_DIR/lib/NCSU_TechLib_hp06
|
xmverilog: *W,DLCPTH (/apps/design_kits/ncsu-cdk-1.6.0.beta/cdssetup/cds.lib,8): cds.lib Invalid path '/home/ead/yihui/cadence/design_kits/ncsu-cdk-1.6.0.beta/lib/NCSU_TechLib_hp06' (cds.lib command ignored).
DEFINE      NCSU_TechLib_tsmc02     $CDK_DIR/lib/NCSU_TechLib_tsmc02
|
xmverilog: *W,DLCPTH (/apps/design_kits/ncsu-cdk-1.6.0.beta/cdssetup/cds.lib,9): cds.lib Invalid path '/home/ead/yihui/cadence/design_kits/ncsu-cdk-1.6.0.beta/lib/NCSU_TechLib_tsmc02' (cds.lib command ignored).
DEFINE      NCSU_TechLib_tsmc02d    $CDK_DIR/lib/NCSU_TechLib_tsmc02d
|
xmverilog: *W,DLCPTH (/apps/design_kits/ncsu-cdk-1.6.0.beta/cdssetup/cds.lib,10): cds.lib Invalid path '/home/ead/yihui/cadence/design_kits/ncsu-cdk-1.6.0.beta/lib/NCSU_TechLib_tsmc02d' (cds.lib command ignored).
DEFINE      NCSU_TechLib_tsmc03     $CDK_DIR/lib/NCSU_TechLib_tsmc03
|
xmverilog: *W,DLCPTH (/apps/design_kits/ncsu-cdk-1.6.0.beta/cdssetup/cds.lib,11): cds.lib Invalid path '/home/ead/yihui/cadence/design_kits/ncsu-cdk-1.6.0.beta/lib/NCSU_TechLib_tsmc03' (cds.lib command ignored).
DEFINE      NCSU_TechLib_tsmc03d    $CDK_DIR/lib/NCSU_TechLib_tsmc03d
|
xmverilog: *W,DLCPTH (/apps/design_kits/ncsu-cdk-1.6.0.beta/cdssetup/cds.lib,12): cds.lib Invalid path '/home/ead/yihui/cadence/design_kits/ncsu-cdk-1.6.0.beta/lib/NCSU_TechLib_tsmc03d' (cds.lib command ignored).
DEFINE      NCSU_TechLib_tsmc04_4M2P    $CDK_DIR/lib/NCSU_TechLib_tsmc04_4M2P
|
xmverilog: *W,DLCPTH (/apps/design_kits/ncsu-cdk-1.6.0.beta/cdssetup/cds.lib,13): cds.lib Invalid path '/home/ead/yihui/cadence/design_kits/ncsu-cdk-1.6.0.beta/lib/NCSU_TechLib_tsmc04_4M2P' (cds.lib command ignored).
DEFINE      basic                   $CDK_DIR/lib/basic
|
xmverilog: *W,DLCPTH (/apps/design_kits/ncsu-cdk-1.6.0.beta/cdssetup/cds.lib,2): cds.lib Invalid path '/home/ead/yihui/cadence/design_kits/ncsu-cdk-1.6.0.beta/lib/basic' (cds.lib command ignored).
DEFINE      NCSU_Analog_Parts 	    $CDK_DIR/lib/NCSU_Analog_Parts
|
xmverilog: *W,DLCPTH (/apps/design_kits/ncsu-cdk-1.6.0.beta/cdssetup/cds.lib,3): cds.lib Invalid path '/home/ead/yihui/cadence/design_kits/ncsu-cdk-1.6.0.beta/lib/NCSU_Analog_Parts' (cds.lib command ignored).
DEFINE      NCSU_Digital_Parts 	    $CDK_DIR/lib/NCSU_Digital_Parts
|
xmverilog: *W,DLCPTH (/apps/design_kits/ncsu-cdk-1.6.0.beta/cdssetup/cds.lib,4): cds.lib Invalid path '/home/ead/yihui/cadence/design_kits/ncsu-cdk-1.6.0.beta/lib/NCSU_Digital_Parts' (cds.lib command ignored).
DEFINE      NCSU_TechLib_ami06      $CDK_DIR/lib/NCSU_TechLib_ami06
|
xmverilog: *W,DLCPTH (/apps/design_kits/ncsu-cdk-1.6.0.beta/cdssetup/cds.lib,6): cds.lib Invalid path '/home/ead/yihui/cadence/design_kits/ncsu-cdk-1.6.0.beta/lib/NCSU_TechLib_ami06' (cds.lib command ignored).
DEFINE      NCSU_TechLib_ami16      $CDK_DIR/lib/NCSU_TechLib_ami16
|
xmverilog: *W,DLCPTH (/apps/design_kits/ncsu-cdk-1.6.0.beta/cdssetup/cds.lib,7): cds.lib Invalid path '/home/ead/yihui/cadence/design_kits/ncsu-cdk-1.6.0.beta/lib/NCSU_TechLib_ami16' (cds.lib command ignored).
DEFINE      NCSU_TechLib_hp06       $CDK_DIR/lib/NCSU_TechLib_hp06
|
xmverilog: *W,DLCPTH (/apps/design_kits/ncsu-cdk-1.6.0.beta/cdssetup/cds.lib,8): cds.lib Invalid path '/home/ead/yihui/cadence/design_kits/ncsu-cdk-1.6.0.beta/lib/NCSU_TechLib_hp06' (cds.lib command ignored).
DEFINE      NCSU_TechLib_tsmc02     $CDK_DIR/lib/NCSU_TechLib_tsmc02
|
xmverilog: *W,DLCPTH (/apps/design_kits/ncsu-cdk-1.6.0.beta/cdssetup/cds.lib,9): cds.lib Invalid path '/home/ead/yihui/cadence/design_kits/ncsu-cdk-1.6.0.beta/lib/NCSU_TechLib_tsmc02' (cds.lib command ignored).
DEFINE      NCSU_TechLib_tsmc02d    $CDK_DIR/lib/NCSU_TechLib_tsmc02d
|
xmverilog: *W,DLCPTH (/apps/design_kits/ncsu-cdk-1.6.0.beta/cdssetup/cds.lib,10): cds.lib Invalid path '/home/ead/yihui/cadence/design_kits/ncsu-cdk-1.6.0.beta/lib/NCSU_TechLib_tsmc02d' (cds.lib command ignored).
DEFINE      NCSU_TechLib_tsmc03     $CDK_DIR/lib/NCSU_TechLib_tsmc03
|
xmverilog: *W,DLCPTH (/apps/design_kits/ncsu-cdk-1.6.0.beta/cdssetup/cds.lib,11): cds.lib Invalid path '/home/ead/yihui/cadence/design_kits/ncsu-cdk-1.6.0.beta/lib/NCSU_TechLib_tsmc03' (cds.lib command ignored).
DEFINE      NCSU_TechLib_tsmc03d    $CDK_DIR/lib/NCSU_TechLib_tsmc03d
|
xmverilog: *W,DLCPTH (/apps/design_kits/ncsu-cdk-1.6.0.beta/cdssetup/cds.lib,12): cds.lib Invalid path '/home/ead/yihui/cadence/design_kits/ncsu-cdk-1.6.0.beta/lib/NCSU_TechLib_tsmc03d' (cds.lib command ignored).
DEFINE      NCSU_TechLib_tsmc04_4M2P    $CDK_DIR/lib/NCSU_TechLib_tsmc04_4M2P
|
xmverilog: *W,DLCPTH (/apps/design_kits/ncsu-cdk-1.6.0.beta/cdssetup/cds.lib,13): cds.lib Invalid path '/home/ead/yihui/cadence/design_kits/ncsu-cdk-1.6.0.beta/lib/NCSU_TechLib_tsmc04_4M2P' (cds.lib command ignored).
DEFINE      basic                   $CDK_DIR/lib/basic
|
xmverilog: *W,DLCPTH (/apps/design_kits/ncsu-cdk-1.6.0.beta/cdssetup/cds.lib,2): cds.lib Invalid path '/home/ead/yihui/cadence/design_kits/ncsu-cdk-1.6.0.beta/lib/basic' (cds.lib command ignored).
DEFINE      NCSU_Analog_Parts 	    $CDK_DIR/lib/NCSU_Analog_Parts
|
xmverilog: *W,DLCPTH (/apps/design_kits/ncsu-cdk-1.6.0.beta/cdssetup/cds.lib,3): cds.lib Invalid path '/home/ead/yihui/cadence/design_kits/ncsu-cdk-1.6.0.beta/lib/NCSU_Analog_Parts' (cds.lib command ignored).
DEFINE      NCSU_Digital_Parts 	    $CDK_DIR/lib/NCSU_Digital_Parts
|
xmverilog: *W,DLCPTH (/apps/design_kits/ncsu-cdk-1.6.0.beta/cdssetup/cds.lib,4): cds.lib Invalid path '/home/ead/yihui/cadence/design_kits/ncsu-cdk-1.6.0.beta/lib/NCSU_Digital_Parts' (cds.lib command ignored).
DEFINE      NCSU_TechLib_ami06      $CDK_DIR/lib/NCSU_TechLib_ami06
|
xmverilog: *W,DLCPTH (/apps/design_kits/ncsu-cdk-1.6.0.beta/cdssetup/cds.lib,6): cds.lib Invalid path '/home/ead/yihui/cadence/design_kits/ncsu-cdk-1.6.0.beta/lib/NCSU_TechLib_ami06' (cds.lib command ignored).
DEFINE      NCSU_TechLib_ami16      $CDK_DIR/lib/NCSU_TechLib_ami16
|
xmverilog: *W,DLCPTH (/apps/design_kits/ncsu-cdk-1.6.0.beta/cdssetup/cds.lib,7): cds.lib Invalid path '/home/ead/yihui/cadence/design_kits/ncsu-cdk-1.6.0.beta/lib/NCSU_TechLib_ami16' (cds.lib command ignored).
DEFINE      NCSU_TechLib_hp06       $CDK_DIR/lib/NCSU_TechLib_hp06
|
xmverilog: *W,DLCPTH (/apps/design_kits/ncsu-cdk-1.6.0.beta/cdssetup/cds.lib,8): cds.lib Invalid path '/home/ead/yihui/cadence/design_kits/ncsu-cdk-1.6.0.beta/lib/NCSU_TechLib_hp06' (cds.lib command ignored).
DEFINE      NCSU_TechLib_tsmc02     $CDK_DIR/lib/NCSU_TechLib_tsmc02
|
xmverilog: *W,DLCPTH (/apps/design_kits/ncsu-cdk-1.6.0.beta/cdssetup/cds.lib,9): cds.lib Invalid path '/home/ead/yihui/cadence/design_kits/ncsu-cdk-1.6.0.beta/lib/NCSU_TechLib_tsmc02' (cds.lib command ignored).
DEFINE      NCSU_TechLib_tsmc02d    $CDK_DIR/lib/NCSU_TechLib_tsmc02d
|
xmverilog: *W,DLCPTH (/apps/design_kits/ncsu-cdk-1.6.0.beta/cdssetup/cds.lib,10): cds.lib Invalid path '/home/ead/yihui/cadence/design_kits/ncsu-cdk-1.6.0.beta/lib/NCSU_TechLib_tsmc02d' (cds.lib command ignored).
DEFINE      NCSU_TechLib_tsmc03     $CDK_DIR/lib/NCSU_TechLib_tsmc03
|
xmverilog: *W,DLCPTH (/apps/design_kits/ncsu-cdk-1.6.0.beta/cdssetup/cds.lib,11): cds.lib Invalid path '/home/ead/yihui/cadence/design_kits/ncsu-cdk-1.6.0.beta/lib/NCSU_TechLib_tsmc03' (cds.lib command ignored).
DEFINE      NCSU_TechLib_tsmc03d    $CDK_DIR/lib/NCSU_TechLib_tsmc03d
|
xmverilog: *W,DLCPTH (/apps/design_kits/ncsu-cdk-1.6.0.beta/cdssetup/cds.lib,12): cds.lib Invalid path '/home/ead/yihui/cadence/design_kits/ncsu-cdk-1.6.0.beta/lib/NCSU_TechLib_tsmc03d' (cds.lib command ignored).
DEFINE      NCSU_TechLib_tsmc04_4M2P    $CDK_DIR/lib/NCSU_TechLib_tsmc04_4M2P
|
xmverilog: *W,DLCPTH (/apps/design_kits/ncsu-cdk-1.6.0.beta/cdssetup/cds.lib,13): cds.lib Invalid path '/home/ead/yihui/cadence/design_kits/ncsu-cdk-1.6.0.beta/lib/NCSU_TechLib_tsmc04_4M2P' (cds.lib command ignored).
DEFINE      basic                   $CDK_DIR/lib/basic
|
xmvlog: *W,DLCPTH (/apps/design_kits/ncsu-cdk-1.6.0.beta/cdssetup/cds.lib,2): cds.lib Invalid path '/home/ead/yihui/cadence/design_kits/ncsu-cdk-1.6.0.beta/lib/basic' (cds.lib command ignored).
DEFINE      NCSU_Analog_Parts 	    $CDK_DIR/lib/NCSU_Analog_Parts
|
xmvlog: *W,DLCPTH (/apps/design_kits/ncsu-cdk-1.6.0.beta/cdssetup/cds.lib,3): cds.lib Invalid path '/home/ead/yihui/cadence/design_kits/ncsu-cdk-1.6.0.beta/lib/NCSU_Analog_Parts' (cds.lib command ignored).
DEFINE      NCSU_Digital_Parts 	    $CDK_DIR/lib/NCSU_Digital_Parts
|
xmvlog: *W,DLCPTH (/apps/design_kits/ncsu-cdk-1.6.0.beta/cdssetup/cds.lib,4): cds.lib Invalid path '/home/ead/yihui/cadence/design_kits/ncsu-cdk-1.6.0.beta/lib/NCSU_Digital_Parts' (cds.lib command ignored).
DEFINE      NCSU_TechLib_ami06      $CDK_DIR/lib/NCSU_TechLib_ami06
|
xmvlog: *W,DLCPTH (/apps/design_kits/ncsu-cdk-1.6.0.beta/cdssetup/cds.lib,6): cds.lib Invalid path '/home/ead/yihui/cadence/design_kits/ncsu-cdk-1.6.0.beta/lib/NCSU_TechLib_ami06' (cds.lib command ignored).
DEFINE      NCSU_TechLib_ami16      $CDK_DIR/lib/NCSU_TechLib_ami16
|
xmvlog: *W,DLCPTH (/apps/design_kits/ncsu-cdk-1.6.0.beta/cdssetup/cds.lib,7): cds.lib Invalid path '/home/ead/yihui/cadence/design_kits/ncsu-cdk-1.6.0.beta/lib/NCSU_TechLib_ami16' (cds.lib command ignored).
DEFINE      NCSU_TechLib_hp06       $CDK_DIR/lib/NCSU_TechLib_hp06
|
xmvlog: *W,DLCPTH (/apps/design_kits/ncsu-cdk-1.6.0.beta/cdssetup/cds.lib,8): cds.lib Invalid path '/home/ead/yihui/cadence/design_kits/ncsu-cdk-1.6.0.beta/lib/NCSU_TechLib_hp06' (cds.lib command ignored).
DEFINE      NCSU_TechLib_tsmc02     $CDK_DIR/lib/NCSU_TechLib_tsmc02
|
xmvlog: *W,DLCPTH (/apps/design_kits/ncsu-cdk-1.6.0.beta/cdssetup/cds.lib,9): cds.lib Invalid path '/home/ead/yihui/cadence/design_kits/ncsu-cdk-1.6.0.beta/lib/NCSU_TechLib_tsmc02' (cds.lib command ignored).
DEFINE      NCSU_TechLib_tsmc02d    $CDK_DIR/lib/NCSU_TechLib_tsmc02d
|
xmvlog: *W,DLCPTH (/apps/design_kits/ncsu-cdk-1.6.0.beta/cdssetup/cds.lib,10): cds.lib Invalid path '/home/ead/yihui/cadence/design_kits/ncsu-cdk-1.6.0.beta/lib/NCSU_TechLib_tsmc02d' (cds.lib command ignored).
DEFINE      NCSU_TechLib_tsmc03     $CDK_DIR/lib/NCSU_TechLib_tsmc03
|
xmvlog: *W,DLCPTH (/apps/design_kits/ncsu-cdk-1.6.0.beta/cdssetup/cds.lib,11): cds.lib Invalid path '/home/ead/yihui/cadence/design_kits/ncsu-cdk-1.6.0.beta/lib/NCSU_TechLib_tsmc03' (cds.lib command ignored).
DEFINE      NCSU_TechLib_tsmc03d    $CDK_DIR/lib/NCSU_TechLib_tsmc03d
|
xmvlog: *W,DLCPTH (/apps/design_kits/ncsu-cdk-1.6.0.beta/cdssetup/cds.lib,12): cds.lib Invalid path '/home/ead/yihui/cadence/design_kits/ncsu-cdk-1.6.0.beta/lib/NCSU_TechLib_tsmc03d' (cds.lib command ignored).
DEFINE      NCSU_TechLib_tsmc04_4M2P    $CDK_DIR/lib/NCSU_TechLib_tsmc04_4M2P
|
xmvlog: *W,DLCPTH (/apps/design_kits/ncsu-cdk-1.6.0.beta/cdssetup/cds.lib,13): cds.lib Invalid path '/home/ead/yihui/cadence/design_kits/ncsu-cdk-1.6.0.beta/lib/NCSU_TechLib_tsmc04_4M2P' (cds.lib command ignored).
file: ../source/program_counter.v
    wire clk;
       |
xmvlog: *E,EXPSMC (../source/program_counter.v,35|7): expecting a semicolon (';') [12.3.2(IEEE)].
	module worklib.program_counter:v
		errors: 1, warnings: 0
xmvlog: *W,NOTOPL: no top-level unit found, must have recursive instances.
	Total errors/warnings found outside modules and primitives:
		errors: 0, warnings: 12
xmverilog: *E,VLGERR: An error occurred during parsing.  Review the log file for errors with the code *E and fix those identified problems to proceed.  Exiting with code (status 1).
TOOL:	xmverilog	17.10-s001: Exiting on Sep 12, 2023 at 21:33:37 EDT  (total: 00:00:01)
